<?xml version="1.0" ?>
<!DOCTYPE coverage SYSTEM "http://cobertura.sourceforge.net/xml/coverage-04.dtd">
<coverage lines-valid="719"  lines-covered="200"  line-rate="0.2782"  branches-valid="184"  branches-covered="31"  branch-rate="0.1685"  timestamp="1488531574848" complexity="0" version="0.1">
<sources>
	<source>C:\Workspaces\financialadviser-local\angular-cache-service</source>
</sources>
<packages>
	<package name="src"  line-rate="0.2782"  branch-rate="0.1685" >
	<classes>
		<class name="index.js"  filename="src\index.js"  line-rate="0.2782"  branch-rate="0.1685" >
		<methods>
			<method name="(anonymous_1)"  hits="7"  signature="()V" >
				<lines><line number="16"  hits="7" /></lines>
			</method>
			<method name="(anonymous_2)"  hits="1"  signature="()V" >
				<lines><line number="17"  hits="1" /></lines>
			</method>
			<method name="(anonymous_3)"  hits="8"  signature="()V" >
				<lines><line number="20"  hits="8" /></lines>
			</method>
			<method name="(anonymous_4)"  hits="7"  signature="()V" >
				<lines><line number="38"  hits="7" /></lines>
			</method>
			<method name="(anonymous_5)"  hits="7"  signature="()V" >
				<lines><line number="43"  hits="7" /></lines>
			</method>
			<method name="(anonymous_6)"  hits="7"  signature="()V" >
				<lines><line number="54"  hits="7" /></lines>
			</method>
			<method name="(anonymous_7)"  hits="7"  signature="()V" >
				<lines><line number="63"  hits="7" /></lines>
			</method>
			<method name="(anonymous_8)"  hits="7"  signature="()V" >
				<lines><line number="70"  hits="7" /></lines>
			</method>
			<method name="(anonymous_9)"  hits="2"  signature="()V" >
				<lines><line number="81"  hits="2" /></lines>
			</method>
			<method name="(anonymous_10)"  hits="0"  signature="()V" >
				<lines><line number="86"  hits="0" /></lines>
			</method>
			<method name="(anonymous_11)"  hits="2"  signature="()V" >
				<lines><line number="90"  hits="2" /></lines>
			</method>
			<method name="(anonymous_12)"  hits="8"  signature="()V" >
				<lines><line number="102"  hits="8" /></lines>
			</method>
			<method name="(anonymous_13)"  hits="8"  signature="()V" >
				<lines><line number="107"  hits="8" /></lines>
			</method>
			<method name="(anonymous_14)"  hits="2"  signature="()V" >
				<lines><line number="119"  hits="2" /></lines>
			</method>
			<method name="(anonymous_15)"  hits="2"  signature="()V" >
				<lines><line number="131"  hits="2" /></lines>
			</method>
			<method name="(anonymous_16)"  hits="1"  signature="()V" >
				<lines><line number="140"  hits="1" /></lines>
			</method>
			<method name="(anonymous_17)"  hits="1"  signature="()V" >
				<lines><line number="153"  hits="1" /></lines>
			</method>
			<method name="(anonymous_18)"  hits="0"  signature="()V" >
				<lines><line number="157"  hits="0" /></lines>
			</method>
			<method name="(anonymous_19)"  hits="0"  signature="()V" >
				<lines><line number="171"  hits="0" /></lines>
			</method>
			<method name="(anonymous_20)"  hits="8"  signature="()V" >
				<lines><line number="200"  hits="8" /></lines>
			</method>
			<method name="(anonymous_21)"  hits="0"  signature="()V" >
				<lines><line number="222"  hits="0" /></lines>
			</method>
			<method name="(anonymous_22)"  hits="8"  signature="()V" >
				<lines><line number="239"  hits="8" /></lines>
			</method>
			<method name="(anonymous_23)"  hits="1"  signature="()V" >
				<lines><line number="264"  hits="1" /></lines>
			</method>
			<method name="(anonymous_24)"  hits="1"  signature="()V" >
				<lines><line number="269"  hits="1" /></lines>
			</method>
			<method name="(anonymous_25)"  hits="8"  signature="()V" >
				<lines><line number="280"  hits="8" /></lines>
			</method>
			<method name="(anonymous_26)"  hits="0"  signature="()V" >
				<lines><line number="297"  hits="0" /></lines>
			</method>
			<method name="(anonymous_27)"  hits="16"  signature="()V" >
				<lines><line number="310"  hits="16" /></lines>
			</method>
			<method name="(anonymous_28)"  hits="0"  signature="()V" >
				<lines><line number="321"  hits="0" /></lines>
			</method>
			<method name="(anonymous_29)"  hits="0"  signature="()V" >
				<lines><line number="333"  hits="0" /></lines>
			</method>
			<method name="(anonymous_30)"  hits="0"  signature="()V" >
				<lines><line number="361"  hits="0" /></lines>
			</method>
			<method name="(anonymous_31)"  hits="0"  signature="()V" >
				<lines><line number="366"  hits="0" /></lines>
			</method>
			<method name="(anonymous_32)"  hits="0"  signature="()V" >
				<lines><line number="377"  hits="0" /></lines>
			</method>
			<method name="(anonymous_33)"  hits="0"  signature="()V" >
				<lines><line number="394"  hits="0" /></lines>
			</method>
			<method name="(anonymous_34)"  hits="0"  signature="()V" >
				<lines><line number="407"  hits="0" /></lines>
			</method>
			<method name="(anonymous_35)"  hits="0"  signature="()V" >
				<lines><line number="419"  hits="0" /></lines>
			</method>
			<method name="(anonymous_36)"  hits="0"  signature="()V" >
				<lines><line number="431"  hits="0" /></lines>
			</method>
			<method name="(anonymous_37)"  hits="0"  signature="()V" >
				<lines><line number="456"  hits="0" /></lines>
			</method>
			<method name="(anonymous_38)"  hits="0"  signature="()V" >
				<lines><line number="463"  hits="0" /></lines>
			</method>
			<method name="(anonymous_39)"  hits="0"  signature="()V" >
				<lines><line number="473"  hits="0" /></lines>
			</method>
			<method name="(anonymous_40)"  hits="0"  signature="()V" >
				<lines><line number="487"  hits="0" /></lines>
			</method>
			<method name="(anonymous_41)"  hits="0"  signature="()V" >
				<lines><line number="503"  hits="0" /></lines>
			</method>
			<method name="(anonymous_42)"  hits="0"  signature="()V" >
				<lines><line number="505"  hits="0" /></lines>
			</method>
			<method name="(anonymous_43)"  hits="0"  signature="()V" >
				<lines><line number="510"  hits="0" /></lines>
			</method>
			<method name="(anonymous_44)"  hits="0"  signature="()V" >
				<lines><line number="514"  hits="0" /></lines>
			</method>
			<method name="(anonymous_45)"  hits="0"  signature="()V" >
				<lines><line number="527"  hits="0" /></lines>
			</method>
			<method name="(anonymous_46)"  hits="0"  signature="()V" >
				<lines><line number="538"  hits="0" /></lines>
			</method>
			<method name="(anonymous_47)"  hits="0"  signature="()V" >
				<lines><line number="550"  hits="0" /></lines>
			</method>
			<method name="(anonymous_48)"  hits="0"  signature="()V" >
				<lines><line number="554"  hits="0" /></lines>
			</method>
			<method name="(anonymous_49)"  hits="0"  signature="()V" >
				<lines><line number="559"  hits="0" /></lines>
			</method>
			<method name="(anonymous_50)"  hits="0"  signature="()V" >
				<lines><line number="564"  hits="0" /></lines>
			</method>
			<method name="(anonymous_51)"  hits="0"  signature="()V" >
				<lines><line number="568"  hits="0" /></lines>
			</method>
			<method name="(anonymous_52)"  hits="0"  signature="()V" >
				<lines><line number="571"  hits="0" /></lines>
			</method>
			<method name="(anonymous_53)"  hits="0"  signature="()V" >
				<lines><line number="582"  hits="0" /></lines>
			</method>
			<method name="(anonymous_54)"  hits="0"  signature="()V" >
				<lines><line number="594"  hits="0" /></lines>
			</method>
			<method name="(anonymous_55)"  hits="0"  signature="()V" >
				<lines><line number="600"  hits="0" /></lines>
			</method>
			<method name="(anonymous_56)"  hits="0"  signature="()V" >
				<lines><line number="613"  hits="0" /></lines>
			</method>
			<method name="(anonymous_57)"  hits="0"  signature="()V" >
				<lines><line number="618"  hits="0" /></lines>
			</method>
			<method name="(anonymous_58)"  hits="0"  signature="()V" >
				<lines><line number="623"  hits="0" /></lines>
			</method>
			<method name="(anonymous_59)"  hits="0"  signature="()V" >
				<lines><line number="627"  hits="0" /></lines>
			</method>
			<method name="(anonymous_60)"  hits="0"  signature="()V" >
				<lines><line number="639"  hits="0" /></lines>
			</method>
			<method name="(anonymous_61)"  hits="0"  signature="()V" >
				<lines><line number="646"  hits="0" /></lines>
			</method>
			<method name="(anonymous_62)"  hits="0"  signature="()V" >
				<lines><line number="660"  hits="0" /></lines>
			</method>
			<method name="(anonymous_63)"  hits="0"  signature="()V" >
				<lines><line number="661"  hits="0" /></lines>
			</method>
			<method name="(anonymous_64)"  hits="0"  signature="()V" >
				<lines><line number="666"  hits="0" /></lines>
			</method>
			<method name="(anonymous_65)"  hits="0"  signature="()V" >
				<lines><line number="670"  hits="0" /></lines>
			</method>
			<method name="(anonymous_66)"  hits="0"  signature="()V" >
				<lines><line number="680"  hits="0" /></lines>
			</method>
			<method name="(anonymous_67)"  hits="0"  signature="()V" >
				<lines><line number="687"  hits="0" /></lines>
			</method>
			<method name="(anonymous_68)"  hits="0"  signature="()V" >
				<lines><line number="699"  hits="0" /></lines>
			</method>
			<method name="(anonymous_69)"  hits="0"  signature="()V" >
				<lines><line number="702"  hits="0" /></lines>
			</method>
			<method name="(anonymous_70)"  hits="0"  signature="()V" >
				<lines><line number="707"  hits="0" /></lines>
			</method>
			<method name="(anonymous_71)"  hits="0"  signature="()V" >
				<lines><line number="711"  hits="0" /></lines>
			</method>
			<method name="(anonymous_72)"  hits="0"  signature="()V" >
				<lines><line number="716"  hits="0" /></lines>
			</method>
			<method name="(anonymous_73)"  hits="0"  signature="()V" >
				<lines><line number="720"  hits="0" /></lines>
			</method>
			<method name="(anonymous_74)"  hits="0"  signature="()V" >
				<lines><line number="730"  hits="0" /></lines>
			</method>
			<method name="(anonymous_75)"  hits="0"  signature="()V" >
				<lines><line number="737"  hits="0" /></lines>
			</method>
			<method name="(anonymous_76)"  hits="0"  signature="()V" >
				<lines><line number="747"  hits="0" /></lines>
			</method>
			<method name="(anonymous_77)"  hits="0"  signature="()V" >
				<lines><line number="748"  hits="0" /></lines>
			</method>
			<method name="(anonymous_78)"  hits="0"  signature="()V" >
				<lines><line number="753"  hits="0" /></lines>
			</method>
			<method name="(anonymous_79)"  hits="0"  signature="()V" >
				<lines><line number="757"  hits="0" /></lines>
			</method>
			<method name="(anonymous_80)"  hits="0"  signature="()V" >
				<lines><line number="787"  hits="0" /></lines>
			</method>
			<method name="(anonymous_81)"  hits="0"  signature="()V" >
				<lines><line number="795"  hits="0" /></lines>
			</method>
			<method name="(anonymous_82)"  hits="0"  signature="()V" >
				<lines><line number="805"  hits="0" /></lines>
			</method>
			<method name="(anonymous_83)"  hits="0"  signature="()V" >
				<lines><line number="814"  hits="0" /></lines>
			</method>
			<method name="(anonymous_84)"  hits="0"  signature="()V" >
				<lines><line number="819"  hits="0" /></lines>
			</method>
			<method name="(anonymous_85)"  hits="0"  signature="()V" >
				<lines><line number="820"  hits="0" /></lines>
			</method>
			<method name="(anonymous_86)"  hits="0"  signature="()V" >
				<lines><line number="825"  hits="0" /></lines>
			</method>
			<method name="(anonymous_87)"  hits="0"  signature="()V" >
				<lines><line number="838"  hits="0" /></lines>
			</method>
			<method name="(anonymous_88)"  hits="0"  signature="()V" >
				<lines><line number="846"  hits="0" /></lines>
			</method>
			<method name="(anonymous_89)"  hits="0"  signature="()V" >
				<lines><line number="859"  hits="0" /></lines>
			</method>
			<method name="(anonymous_90)"  hits="0"  signature="()V" >
				<lines><line number="866"  hits="0" /></lines>
			</method>
			<method name="(anonymous_91)"  hits="0"  signature="()V" >
				<lines><line number="875"  hits="0" /></lines>
			</method>
			<method name="(anonymous_92)"  hits="0"  signature="()V" >
				<lines><line number="884"  hits="0" /></lines>
			</method>
			<method name="(anonymous_93)"  hits="0"  signature="()V" >
				<lines><line number="889"  hits="0" /></lines>
			</method>
			<method name="(anonymous_94)"  hits="0"  signature="()V" >
				<lines><line number="892"  hits="0" /></lines>
			</method>
			<method name="(anonymous_95)"  hits="0"  signature="()V" >
				<lines><line number="896"  hits="0" /></lines>
			</method>
			<method name="(anonymous_96)"  hits="0"  signature="()V" >
				<lines><line number="901"  hits="0" /></lines>
			</method>
			<method name="(anonymous_97)"  hits="0"  signature="()V" >
				<lines><line number="914"  hits="0" /></lines>
			</method>
			<method name="(anonymous_98)"  hits="0"  signature="()V" >
				<lines><line number="926"  hits="0" /></lines>
			</method>
			<method name="(anonymous_99)"  hits="0"  signature="()V" >
				<lines><line number="933"  hits="0" /></lines>
			</method>
			<method name="(anonymous_100)"  hits="0"  signature="()V" >
				<lines><line number="941"  hits="0" /></lines>
			</method>
			<method name="(anonymous_101)"  hits="0"  signature="()V" >
				<lines><line number="945"  hits="0" /></lines>
			</method>
			<method name="(anonymous_102)"  hits="0"  signature="()V" >
				<lines><line number="952"  hits="0" /></lines>
			</method>
			<method name="(anonymous_103)"  hits="0"  signature="()V" >
				<lines><line number="958"  hits="0" /></lines>
			</method>
			<method name="(anonymous_104)"  hits="0"  signature="()V" >
				<lines><line number="971"  hits="0" /></lines>
			</method>
			<method name="(anonymous_105)"  hits="0"  signature="()V" >
				<lines><line number="983"  hits="0" /></lines>
			</method>
			<method name="(anonymous_106)"  hits="0"  signature="()V" >
				<lines><line number="990"  hits="0" /></lines>
			</method>
			<method name="(anonymous_107)"  hits="0"  signature="()V" >
				<lines><line number="999"  hits="0" /></lines>
			</method>
			<method name="(anonymous_108)"  hits="0"  signature="()V" >
				<lines><line number="1004"  hits="0" /></lines>
			</method>
			<method name="(anonymous_109)"  hits="0"  signature="()V" >
				<lines><line number="1005"  hits="0" /></lines>
			</method>
			<method name="(anonymous_110)"  hits="0"  signature="()V" >
				<lines><line number="1010"  hits="0" /></lines>
			</method>
			<method name="(anonymous_111)"  hits="0"  signature="()V" >
				<lines><line number="1023"  hits="0" /></lines>
			</method>
			<method name="(anonymous_112)"  hits="0"  signature="()V" >
				<lines><line number="1033"  hits="0" /></lines>
			</method>
			<method name="(anonymous_113)"  hits="0"  signature="()V" >
				<lines><line number="1040"  hits="0" /></lines>
			</method>
			<method name="(anonymous_114)"  hits="0"  signature="()V" >
				<lines><line number="1049"  hits="0" /></lines>
			</method>
			<method name="(anonymous_115)"  hits="0"  signature="()V" >
				<lines><line number="1054"  hits="0" /></lines>
			</method>
			<method name="(anonymous_116)"  hits="0"  signature="()V" >
				<lines><line number="1058"  hits="0" /></lines>
			</method>
			<method name="(anonymous_117)"  hits="0"  signature="()V" >
				<lines><line number="1063"  hits="0" /></lines>
			</method>
			<method name="(anonymous_118)"  hits="0"  signature="()V" >
				<lines><line number="1076"  hits="0" /></lines>
			</method>
			<method name="(anonymous_119)"  hits="0"  signature="()V" >
				<lines><line number="1086"  hits="0" /></lines>
			</method>
			<method name="(anonymous_120)"  hits="0"  signature="()V" >
				<lines><line number="1093"  hits="0" /></lines>
			</method>
			<method name="(anonymous_121)"  hits="0"  signature="()V" >
				<lines><line number="1100"  hits="0" /></lines>
			</method>
			<method name="(anonymous_122)"  hits="0"  signature="()V" >
				<lines><line number="1105"  hits="0" /></lines>
			</method>
			<method name="(anonymous_123)"  hits="0"  signature="()V" >
				<lines><line number="1107"  hits="0" /></lines>
			</method>
			<method name="(anonymous_124)"  hits="0"  signature="()V" >
				<lines><line number="1113"  hits="0" /></lines>
			</method>
			<method name="(anonymous_125)"  hits="0"  signature="()V" >
				<lines><line number="1126"  hits="0" /></lines>
			</method>
			<method name="(anonymous_126)"  hits="8"  signature="()V" >
				<lines><line number="1139"  hits="8" /></lines>
			</method>
			<method name="(anonymous_127)"  hits="8"  signature="()V" >
				<lines><line number="1143"  hits="8" /></lines>
			</method>
			<method name="(anonymous_128)"  hits="8"  signature="()V" >
				<lines><line number="1155"  hits="8" /></lines>
			</method>
			<method name="(anonymous_129)"  hits="8"  signature="()V" >
				<lines><line number="1157"  hits="8" /></lines>
			</method>
			<method name="(anonymous_130)"  hits="0"  signature="()V" >
				<lines><line number="1162"  hits="0" /></lines>
			</method>
			<method name="(anonymous_131)"  hits="10"  signature="()V" >
				<lines><line number="1225"  hits="10" /></lines>
			</method>
			<method name="(anonymous_132)"  hits="8"  signature="()V" >
				<lines><line number="1235"  hits="8" /></lines>
			</method>
			<method name="(anonymous_133)"  hits="0"  signature="()V" >
				<lines><line number="1258"  hits="0" /></lines>
			</method>
			<method name="(anonymous_134)"  hits="0"  signature="()V" >
				<lines><line number="1259"  hits="0" /></lines>
			</method>
			<method name="(anonymous_135)"  hits="0"  signature="()V" >
				<lines><line number="1267"  hits="0" /></lines>
			</method>
			<method name="(anonymous_136)"  hits="0"  signature="()V" >
				<lines><line number="1268"  hits="0" /></lines>
			</method>
			<method name="(anonymous_137)"  hits="1"  signature="()V" >
				<lines><line number="1276"  hits="1" /></lines>
			</method>
			<method name="(anonymous_138)"  hits="1"  signature="()V" >
				<lines><line number="1277"  hits="1" /></lines>
			</method>
			<method name="(anonymous_139)"  hits="0"  signature="()V" >
				<lines><line number="1285"  hits="0" /></lines>
			</method>
			<method name="(anonymous_140)"  hits="0"  signature="()V" >
				<lines><line number="1286"  hits="0" /></lines>
			</method>
			<method name="(anonymous_141)"  hits="7"  signature="()V" >
				<lines><line number="1294"  hits="7" /></lines>
			</method>
			<method name="(anonymous_142)"  hits="7"  signature="()V" >
				<lines><line number="1295"  hits="7" /></lines>
			</method>
			<method name="(anonymous_143)"  hits="0"  signature="()V" >
				<lines><line number="1313"  hits="0" /></lines>
			</method>
			<method name="(anonymous_144)"  hits="0"  signature="()V" >
				<lines><line number="1319"  hits="0" /></lines>
			</method>
			<method name="(anonymous_145)"  hits="0"  signature="()V" >
				<lines><line number="1325"  hits="0" /></lines>
			</method>
			<method name="(anonymous_146)"  hits="0"  signature="()V" >
				<lines><line number="1331"  hits="0" /></lines>
			</method>
			<method name="(anonymous_147)"  hits="0"  signature="()V" >
				<lines><line number="1353"  hits="0" /></lines>
			</method>
			<method name="(anonymous_148)"  hits="0"  signature="()V" >
				<lines><line number="1359"  hits="0" /></lines>
			</method>
			<method name="(anonymous_149)"  hits="0"  signature="()V" >
				<lines><line number="1365"  hits="0" /></lines>
			</method>
			<method name="(anonymous_150)"  hits="0"  signature="()V" >
				<lines><line number="1371"  hits="0" /></lines>
			</method>
			<method name="(anonymous_151)"  hits="1"  signature="()V" >
				<lines><line number="1393"  hits="1" /></lines>
			</method>
			<method name="(anonymous_152)"  hits="0"  signature="()V" >
				<lines><line number="1399"  hits="0" /></lines>
			</method>
			<method name="(anonymous_153)"  hits="0"  signature="()V" >
				<lines><line number="1405"  hits="0" /></lines>
			</method>
			<method name="(anonymous_154)"  hits="0"  signature="()V" >
				<lines><line number="1411"  hits="0" /></lines>
			</method>
			<method name="(anonymous_155)"  hits="0"  signature="()V" >
				<lines><line number="1433"  hits="0" /></lines>
			</method>
			<method name="(anonymous_156)"  hits="0"  signature="()V" >
				<lines><line number="1439"  hits="0" /></lines>
			</method>
			<method name="(anonymous_157)"  hits="0"  signature="()V" >
				<lines><line number="1445"  hits="0" /></lines>
			</method>
			<method name="(anonymous_158)"  hits="0"  signature="()V" >
				<lines><line number="1451"  hits="0" /></lines>
			</method>
			<method name="(anonymous_159)"  hits="7"  signature="()V" >
				<lines><line number="1471"  hits="7" /></lines>
			</method>
			<method name="(anonymous_160)"  hits="7"  signature="()V" >
				<lines><line number="1487"  hits="7" /></lines>
			</method>
			<method name="(anonymous_161)"  hits="1"  signature="()V" >
				<lines><line number="1491"  hits="1" /></lines>
			</method>
			<method name="(anonymous_162)"  hits="2"  signature="()V" >
				<lines><line number="1495"  hits="2" /></lines>
			</method>
			<method name="(anonymous_163)"  hits="2"  signature="()V" >
				<lines><line number="1499"  hits="2" /></lines>
			</method>
			<method name="(anonymous_164)"  hits="1"  signature="()V" >
				<lines><line number="1503"  hits="1" /></lines>
			</method>
			<method name="(anonymous_165)"  hits="1"  signature="()V" >
				<lines><line number="1513"  hits="1" /></lines>
			</method>
			<method name="(anonymous_166)"  hits="1"  signature="()V" >
				<lines><line number="1518"  hits="1" /></lines>
			</method>
			<method name="(anonymous_167)"  hits="8"  signature="()V" >
				<lines><line number="1521"  hits="8" /></lines>
			</method>
		</methods>
		<lines>
			<line number="10"  hits="1"  branch="false" />
			<line number="17"  hits="7"  branch="false" />
			<line number="20"  hits="7"  branch="false" />
			<line number="25"  hits="8"  branch="false" />
			<line number="27"  hits="8"  branch="false" />
			<line number="29"  hits="8"  branch="false" />
			<line number="31"  hits="8"  branch="false" />
			<line number="33"  hits="8"  branch="false" />
			<line number="35"  hits="8"  branch="false" />
			<line number="38"  hits="8"  branch="false" />
			<line number="39"  hits="7"  branch="false" />
			<line number="41"  hits="7"  branch="false" />
			<line number="42"  hits="7"  branch="false" />
			<line number="43"  hits="7"  branch="false" />
			<line number="44"  hits="7"  branch="false" />
			<line number="46"  hits="7"  branch="false" />
			<line number="54"  hits="8"  branch="false" />
			<line number="55"  hits="7"  branch="false" />
			<line number="58"  hits="7"  branch="true"  condition-coverage="50% (1/2)" />
			<line number="59"  hits="7"  branch="false" />
			<line number="60"  hits="7"  branch="false" />
			<line number="63"  hits="7"  branch="false" />
			<line number="64"  hits="7"  branch="false" />
			<line number="67"  hits="0"  branch="false" />
			<line number="70"  hits="7"  branch="false" />
			<line number="71"  hits="7"  branch="false" />
			<line number="74"  hits="7"  branch="false" />
			<line number="81"  hits="8"  branch="false" />
			<line number="82"  hits="2"  branch="false" />
			<line number="83"  hits="2"  branch="false" />
			<line number="85"  hits="2"  branch="true"  condition-coverage="50% (1/2)" />
			<line number="86"  hits="0"  branch="false" />
			<line number="87"  hits="0"  branch="false" />
			<line number="90"  hits="2"  branch="false" />
			<line number="91"  hits="2"  branch="false" />
			<line number="95"  hits="2"  branch="false" />
			<line number="102"  hits="8"  branch="false" />
			<line number="103"  hits="8"  branch="false" />
			<line number="104"  hits="8"  branch="true"  condition-coverage="50% (1/2)" />
			<line number="106"  hits="8"  branch="false" />
			<line number="107"  hits="8"  branch="false" />
			<line number="108"  hits="8"  branch="false" />
			<line number="111"  hits="0"  branch="false" />
			<line number="114"  hits="8"  branch="false" />
			<line number="119"  hits="8"  branch="false" />
			<line number="120"  hits="2"  branch="false" />
			<line number="124"  hits="2"  branch="false" />
			<line number="126"  hits="2"  branch="true"  condition-coverage="50% (1/2)" />
			<line number="127"  hits="2"  branch="false" />
			<line number="131"  hits="2"  branch="false" />
			<line number="132"  hits="2"  branch="false" />
			<line number="135"  hits="2"  branch="false" />
			<line number="140"  hits="8"  branch="false" />
			<line number="141"  hits="1"  branch="false" />
			<line number="144"  hits="1"  branch="false" />
			<line number="145"  hits="1"  branch="false" />
			<line number="147"  hits="2"  branch="true"  condition-coverage="50% (1/2)" />
			<line number="148"  hits="2"  branch="false" />
			<line number="152"  hits="1"  branch="false" />
			<line number="153"  hits="1"  branch="false" />
			<line number="154"  hits="1"  branch="false" />
			<line number="157"  hits="0"  branch="false" />
			<line number="158"  hits="0"  branch="false" />
			<line number="162"  hits="1"  branch="false" />
			<line number="171"  hits="8"  branch="false" />
			<line number="172"  hits="0"  branch="false" />
			<line number="173"  hits="0"  branch="true"  condition-coverage="0% (0/2)" />
			<line number="174"  hits="0"  branch="true"  condition-coverage="0% (0/2)" />
			<line number="175"  hits="0"  branch="true"  condition-coverage="0% (0/2)" />
			<line number="177"  hits="0"  branch="false" />
			<line number="178"  hits="0"  branch="false" />
			<line number="181"  hits="0"  branch="true"  condition-coverage="0% (0/2)" />
			<line number="182"  hits="0"  branch="false" />
			<line number="184"  hits="0"  branch="false" />
			<line number="186"  hits="0"  branch="true"  condition-coverage="0% (0/2)" />
			<line number="188"  hits="0"  branch="false" />
			<line number="191"  hits="0"  branch="false" />
			<line number="200"  hits="8"  branch="false" />
			<line number="201"  hits="8"  branch="false" />
			<line number="202"  hits="8"  branch="false" />
			<line number="203"  hits="8"  branch="false" />
			<line number="205"  hits="0"  branch="true"  condition-coverage="0% (0/2)" />
			<line number="207"  hits="0"  branch="false" />
			<line number="208"  hits="0"  branch="false" />
			<line number="209"  hits="0"  branch="true"  condition-coverage="0% (0/2)" />
			<line number="210"  hits="0"  branch="true"  condition-coverage="0% (0/2)" />
			<line number="211"  hits="0"  branch="false" />
			<line number="214"  hits="0"  branch="true"  condition-coverage="0% (0/2)" />
			<line number="215"  hits="0"  branch="false" />
			<line number="218"  hits="0"  branch="false" />
			<line number="222"  hits="0"  branch="false" />
			<line number="223"  hits="0"  branch="false" />
			<line number="226"  hits="0"  branch="false" />
			<line number="228"  hits="0"  branch="false" />
			<line number="233"  hits="0"  branch="false" />
			<line number="234"  hits="0"  branch="false" />
			<line number="239"  hits="8"  branch="false" />
			<line number="240"  hits="8"  branch="false" />
			<line number="243"  hits="8"  branch="false" />
			<line number="249"  hits="8"  branch="false" />
			<line number="251"  hits="8"  branch="false" />
			<line number="253"  hits="8"  branch="false" />
			<line number="255"  hits="8"  branch="false" />
			<line number="257"  hits="8"  branch="false" />
			<line number="259"  hits="8"  branch="false" />
			<line number="261"  hits="8"  branch="false" />
			<line number="264"  hits="8"  branch="false" />
			<line number="265"  hits="1"  branch="false" />
			<line number="267"  hits="1"  branch="false" />
			<line number="268"  hits="1"  branch="false" />
			<line number="269"  hits="1"  branch="false" />
			<line number="270"  hits="1"  branch="false" />
			<line number="272"  hits="1"  branch="false" />
			<line number="280"  hits="8"  branch="false" />
			<line number="281"  hits="8"  branch="false" />
			<line number="283"  hits="8"  branch="true"  condition-coverage="50% (1/2)" />
			<line number="284"  hits="8"  branch="false" />
			<line number="285"  hits="8"  branch="false" />
			<line number="287"  hits="0"  branch="false" />
			<line number="290"  hits="8"  branch="false" />
			<line number="297"  hits="8"  branch="false" />
			<line number="298"  hits="0"  branch="false" />
			<line number="300"  hits="0"  branch="false" />
			<line number="301"  hits="0"  branch="false" />
			<line number="303"  hits="0"  branch="false" />
			<line number="310"  hits="8"  branch="false" />
			<line number="311"  hits="16"  branch="false" />
			<line number="313"  hits="16"  branch="false" />
			<line number="314"  hits="16"  branch="false" />
			<line number="316"  hits="16"  branch="false" />
			<line number="321"  hits="8"  branch="false" />
			<line number="322"  hits="0"  branch="false" />
			<line number="325"  hits="0"  branch="false" />
			<line number="326"  hits="0"  branch="false" />
			<line number="328"  hits="0"  branch="false" />
			<line number="333"  hits="8"  branch="false" />
			<line number="334"  hits="0"  branch="false" />
			<line number="336"  hits="0"  branch="false" />
			<line number="337"  hits="0"  branch="false" />
			<line number="338"  hits="0"  branch="false" />
			<line number="340"  hits="0"  branch="false" />
			<line number="346"  hits="8"  branch="false" />
			<line number="348"  hits="8"  branch="false" />
			<line number="350"  hits="8"  branch="false" />
			<line number="352"  hits="8"  branch="false" />
			<line number="354"  hits="8"  branch="false" />
			<line number="356"  hits="8"  branch="false" />
			<line number="358"  hits="8"  branch="false" />
			<line number="361"  hits="8"  branch="false" />
			<line number="362"  hits="0"  branch="false" />
			<line number="364"  hits="0"  branch="false" />
			<line number="365"  hits="0"  branch="false" />
			<line number="366"  hits="0"  branch="false" />
			<line number="367"  hits="0"  branch="false" />
			<line number="369"  hits="0"  branch="false" />
			<line number="377"  hits="8"  branch="false" />
			<line number="378"  hits="0"  branch="false" />
			<line number="380"  hits="0"  branch="true"  condition-coverage="0% (0/2)" />
			<line number="381"  hits="0"  branch="false" />
			<line number="382"  hits="0"  branch="false" />
			<line number="384"  hits="0"  branch="false" />
			<line number="387"  hits="0"  branch="false" />
			<line number="394"  hits="8"  branch="false" />
			<line number="395"  hits="0"  branch="false" />
			<line number="397"  hits="0"  branch="false" />
			<line number="398"  hits="0"  branch="false" />
			<line number="400"  hits="0"  branch="false" />
			<line number="407"  hits="8"  branch="false" />
			<line number="408"  hits="0"  branch="false" />
			<line number="410"  hits="0"  branch="false" />
			<line number="411"  hits="0"  branch="false" />
			<line number="412"  hits="0"  branch="false" />
			<line number="414"  hits="0"  branch="false" />
			<line number="419"  hits="8"  branch="false" />
			<line number="420"  hits="0"  branch="false" />
			<line number="423"  hits="0"  branch="false" />
			<line number="424"  hits="0"  branch="false" />
			<line number="426"  hits="0"  branch="false" />
			<line number="431"  hits="8"  branch="false" />
			<line number="432"  hits="0"  branch="false" />
			<line number="434"  hits="0"  branch="false" />
			<line number="435"  hits="0"  branch="false" />
			<line number="437"  hits="0"  branch="false" />
			<line number="443"  hits="8"  branch="false" />
			<line number="445"  hits="8"  branch="false" />
			<line number="447"  hits="8"  branch="false" />
			<line number="449"  hits="8"  branch="false" />
			<line number="451"  hits="8"  branch="false" />
			<line number="453"  hits="8"  branch="false" />
			<line number="456"  hits="8"  branch="false" />
			<line number="457"  hits="0"  branch="false" />
			<line number="459"  hits="0"  branch="false" />
			<line number="460"  hits="0"  branch="false" />
			<line number="462"  hits="0"  branch="true"  condition-coverage="0% (0/2)" />
			<line number="463"  hits="0"  branch="false" />
			<line number="464"  hits="0"  branch="false" />
			<line number="467"  hits="0"  branch="false" />
			<line number="470"  hits="0"  branch="true"  condition-coverage="0% (0/6)" />
			<line number="471"  hits="0"  branch="false" />
			<line number="472"  hits="0"  branch="false" />
			<line number="473"  hits="0"  branch="false" />
			<line number="474"  hits="0"  branch="false" />
			<line number="476"  hits="0"  branch="false" />
			<line number="479"  hits="0"  branch="true"  condition-coverage="0% (0/2)" />
			<line number="480"  hits="0"  branch="true"  condition-coverage="0% (0/3)" />
			<line number="481"  hits="0"  branch="true"  condition-coverage="0% (0/3)" />
			<line number="484"  hits="0"  branch="false" />
			<line number="487"  hits="0"  branch="false" />
			<line number="488"  hits="0"  branch="false" />
			<line number="490"  hits="0"  branch="false" />
			<line number="492"  hits="0"  branch="false" />
			<line number="494"  hits="0"  branch="true"  condition-coverage="0% (0/2)" />
			<line number="495"  hits="0"  branch="false" />
			<line number="498"  hits="0"  branch="false" />
			<line number="499"  hits="0"  branch="false" />
			<line number="503"  hits="0"  branch="false" />
			<line number="504"  hits="0"  branch="false" />
			<line number="505"  hits="0"  branch="false" />
			<line number="506"  hits="0"  branch="false" />
			<line number="510"  hits="0"  branch="false" />
			<line number="511"  hits="0"  branch="false" />
			<line number="512"  hits="0"  branch="false" />
			<line number="514"  hits="0"  branch="false" />
			<line number="515"  hits="0"  branch="false" />
			<line number="519"  hits="0"  branch="false" />
			<line number="527"  hits="8"  branch="false" />
			<line number="528"  hits="0"  branch="false" />
			<line number="529"  hits="0"  branch="true"  condition-coverage="0% (0/2)" />
			<line number="530"  hits="0"  branch="false" />
			<line number="531"  hits="0"  branch="false" />
			<line number="534"  hits="0"  branch="false" />
			<line number="535"  hits="0"  branch="true"  condition-coverage="0% (0/2)" />
			<line number="536"  hits="0"  branch="false" />
			<line number="537"  hits="0"  branch="false" />
			<line number="538"  hits="0"  branch="false" />
			<line number="539"  hits="0"  branch="false" />
			<line number="541"  hits="0"  branch="false" />
			<line number="545"  hits="0"  branch="false" />
			<line number="546"  hits="0"  branch="false" />
			<line number="547"  hits="0"  branch="false" />
			<line number="548"  hits="0"  branch="false" />
			<line number="550"  hits="0"  branch="false" />
			<line number="551"  hits="0"  branch="true"  condition-coverage="0% (0/2)" />
			<line number="552"  hits="0"  branch="false" />
			<line number="554"  hits="0"  branch="false" />
			<line number="555"  hits="0"  branch="false" />
			<line number="559"  hits="0"  branch="false" />
			<line number="560"  hits="0"  branch="false" />
			<line number="564"  hits="0"  branch="false" />
			<line number="565"  hits="0"  branch="false" />
			<line number="566"  hits="0"  branch="false" />
			<line number="568"  hits="0"  branch="false" />
			<line number="569"  hits="0"  branch="false" />
			<line number="571"  hits="0"  branch="false" />
			<line number="572"  hits="0"  branch="false" />
			<line number="576"  hits="0"  branch="true"  condition-coverage="0% (0/2)" />
			<line number="577"  hits="0"  branch="false" />
			<line number="579"  hits="0"  branch="false" />
			<line number="582"  hits="0"  branch="false" />
			<line number="583"  hits="0"  branch="false" />
			<line number="587"  hits="0"  branch="false" />
			<line number="594"  hits="8"  branch="false" />
			<line number="595"  hits="0"  branch="false" />
			<line number="596"  hits="0"  branch="false" />
			<line number="597"  hits="0"  branch="true"  condition-coverage="0% (0/2)" />
			<line number="598"  hits="0"  branch="false" />
			<line number="599"  hits="0"  branch="false" />
			<line number="600"  hits="0"  branch="false" />
			<line number="601"  hits="0"  branch="false" />
			<line number="603"  hits="0"  branch="false" />
			<line number="607"  hits="0"  branch="false" />
			<line number="608"  hits="0"  branch="false" />
			<line number="610"  hits="0"  branch="false" />
			<line number="611"  hits="0"  branch="false" />
			<line number="613"  hits="0"  branch="false" />
			<line number="614"  hits="0"  branch="true"  condition-coverage="0% (0/2)" />
			<line number="615"  hits="0"  branch="false" />
			<line number="618"  hits="0"  branch="false" />
			<line number="619"  hits="0"  branch="false" />
			<line number="623"  hits="0"  branch="false" />
			<line number="624"  hits="0"  branch="false" />
			<line number="625"  hits="0"  branch="false" />
			<line number="627"  hits="0"  branch="false" />
			<line number="628"  hits="0"  branch="false" />
			<line number="632"  hits="0"  branch="false" />
			<line number="639"  hits="8"  branch="false" />
			<line number="640"  hits="0"  branch="false" />
			<line number="641"  hits="0"  branch="false" />
			<line number="642"  hits="0"  branch="true"  condition-coverage="0% (0/2)" />
			<line number="643"  hits="0"  branch="false" />
			<line number="644"  hits="0"  branch="false" />
			<line number="646"  hits="0"  branch="false" />
			<line number="647"  hits="0"  branch="false" />
			<line number="650"  hits="0"  branch="false" />
			<line number="654"  hits="0"  branch="false" />
			<line number="655"  hits="0"  branch="false" />
			<line number="658"  hits="0"  branch="false" />
			<line number="660"  hits="0"  branch="false" />
			<line number="661"  hits="0"  branch="false" />
			<line number="662"  hits="0"  branch="false" />
			<line number="666"  hits="0"  branch="false" />
			<line number="667"  hits="0"  branch="false" />
			<line number="668"  hits="0"  branch="false" />
			<line number="670"  hits="0"  branch="false" />
			<line number="671"  hits="0"  branch="false" />
			<line number="675"  hits="0"  branch="false" />
			<line number="680"  hits="8"  branch="false" />
			<line number="681"  hits="0"  branch="false" />
			<line number="682"  hits="0"  branch="false" />
			<line number="683"  hits="0"  branch="true"  condition-coverage="0% (0/2)" />
			<line number="684"  hits="0"  branch="false" />
			<line number="685"  hits="0"  branch="false" />
			<line number="687"  hits="0"  branch="false" />
			<line number="688"  hits="0"  branch="false" />
			<line number="691"  hits="0"  branch="false" />
			<line number="695"  hits="0"  branch="false" />
			<line number="696"  hits="0"  branch="false" />
			<line number="697"  hits="0"  branch="false" />
			<line number="699"  hits="0"  branch="false" />
			<line number="700"  hits="0"  branch="false" />
			<line number="702"  hits="0"  branch="false" />
			<line number="703"  hits="0"  branch="false" />
			<line number="707"  hits="0"  branch="false" />
			<line number="708"  hits="0"  branch="false" />
			<line number="709"  hits="0"  branch="false" />
			<line number="711"  hits="0"  branch="false" />
			<line number="712"  hits="0"  branch="false" />
			<line number="716"  hits="0"  branch="false" />
			<line number="717"  hits="0"  branch="false" />
			<line number="718"  hits="0"  branch="false" />
			<line number="720"  hits="0"  branch="false" />
			<line number="721"  hits="0"  branch="false" />
			<line number="725"  hits="0"  branch="false" />
			<line number="730"  hits="8"  branch="false" />
			<line number="731"  hits="0"  branch="false" />
			<line number="732"  hits="0"  branch="false" />
			<line number="733"  hits="0"  branch="true"  condition-coverage="0% (0/2)" />
			<line number="734"  hits="0"  branch="false" />
			<line number="735"  hits="0"  branch="false" />
			<line number="737"  hits="0"  branch="false" />
			<line number="738"  hits="0"  branch="false" />
			<line number="743"  hits="0"  branch="false" />
			<line number="744"  hits="0"  branch="false" />
			<line number="745"  hits="0"  branch="false" />
			<line number="747"  hits="0"  branch="false" />
			<line number="748"  hits="0"  branch="false" />
			<line number="749"  hits="0"  branch="false" />
			<line number="753"  hits="0"  branch="false" />
			<line number="754"  hits="0"  branch="false" />
			<line number="755"  hits="0"  branch="false" />
			<line number="757"  hits="0"  branch="false" />
			<line number="758"  hits="0"  branch="false" />
			<line number="762"  hits="0"  branch="false" />
			<line number="768"  hits="8"  branch="false" />
			<line number="770"  hits="8"  branch="false" />
			<line number="772"  hits="8"  branch="false" />
			<line number="774"  hits="8"  branch="false" />
			<line number="776"  hits="8"  branch="false" />
			<line number="778"  hits="8"  branch="false" />
			<line number="780"  hits="8"  branch="false" />
			<line number="782"  hits="8"  branch="false" />
			<line number="784"  hits="8"  branch="false" />
			<line number="787"  hits="8"  branch="false" />
			<line number="788"  hits="0"  branch="false" />
			<line number="790"  hits="0"  branch="false" />
			<line number="791"  hits="0"  branch="false" />
			<line number="793"  hits="0"  branch="false" />
			<line number="794"  hits="0"  branch="true"  condition-coverage="0% (0/2)" />
			<line number="795"  hits="0"  branch="false" />
			<line number="796"  hits="0"  branch="false" />
			<line number="798"  hits="0"  branch="false" />
			<line number="802"  hits="0"  branch="true"  condition-coverage="0% (0/2)" />
			<line number="803"  hits="0"  branch="false" />
			<line number="804"  hits="0"  branch="false" />
			<line number="805"  hits="0"  branch="false" />
			<line number="806"  hits="0"  branch="false" />
			<line number="808"  hits="0"  branch="false" />
			<line number="812"  hits="0"  branch="false" />
			<line number="814"  hits="0"  branch="false" />
			<line number="815"  hits="0"  branch="false" />
			<line number="816"  hits="0"  branch="false" />
			<line number="819"  hits="0"  branch="false" />
			<line number="820"  hits="0"  branch="false" />
			<line number="821"  hits="0"  branch="false" />
			<line number="825"  hits="0"  branch="false" />
			<line number="826"  hits="0"  branch="false" />
			<line number="827"  hits="0"  branch="true"  condition-coverage="0% (0/2)" />
			<line number="830"  hits="0"  branch="false" />
			<line number="831"  hits="0"  branch="false" />
			<line number="832"  hits="0"  branch="false" />
			<line number="834"  hits="0"  branch="false" />
			<line number="836"  hits="0"  branch="false" />
			<line number="838"  hits="0"  branch="false" />
			<line number="839"  hits="0"  branch="false" />
			<line number="843"  hits="0"  branch="false" />
			<line number="844"  hits="0"  branch="false" />
			<line number="846"  hits="0"  branch="false" />
			<line number="847"  hits="0"  branch="false" />
			<line number="851"  hits="0"  branch="false" />
			<line number="859"  hits="8"  branch="false" />
			<line number="860"  hits="0"  branch="false" />
			<line number="861"  hits="0"  branch="false" />
			<line number="862"  hits="0"  branch="true"  condition-coverage="0% (0/2)" />
			<line number="863"  hits="0"  branch="false" />
			<line number="864"  hits="0"  branch="false" />
			<line number="866"  hits="0"  branch="false" />
			<line number="867"  hits="0"  branch="false" />
			<line number="871"  hits="0"  branch="true"  condition-coverage="0% (0/2)" />
			<line number="872"  hits="0"  branch="false" />
			<line number="873"  hits="0"  branch="false" />
			<line number="875"  hits="0"  branch="false" />
			<line number="876"  hits="0"  branch="false" />
			<line number="879"  hits="0"  branch="false" />
			<line number="882"  hits="0"  branch="false" />
			<line number="883"  hits="0"  branch="false" />
			<line number="884"  hits="0"  branch="false" />
			<line number="885"  hits="0"  branch="false" />
			<line number="886"  hits="0"  branch="false" />
			<line number="889"  hits="0"  branch="false" />
			<line number="890"  hits="0"  branch="false" />
			<line number="892"  hits="0"  branch="false" />
			<line number="893"  hits="0"  branch="false" />
			<line number="896"  hits="0"  branch="false" />
			<line number="897"  hits="0"  branch="false" />
			<line number="901"  hits="0"  branch="false" />
			<line number="902"  hits="0"  branch="false" />
			<line number="903"  hits="0"  branch="true"  condition-coverage="0% (0/2)" />
			<line number="906"  hits="0"  branch="false" />
			<line number="907"  hits="0"  branch="false" />
			<line number="908"  hits="0"  branch="false" />
			<line number="910"  hits="0"  branch="false" />
			<line number="912"  hits="0"  branch="false" />
			<line number="914"  hits="0"  branch="false" />
			<line number="915"  hits="0"  branch="false" />
			<line number="919"  hits="0"  branch="false" />
			<line number="926"  hits="8"  branch="false" />
			<line number="927"  hits="0"  branch="false" />
			<line number="928"  hits="0"  branch="false" />
			<line number="929"  hits="0"  branch="true"  condition-coverage="0% (0/2)" />
			<line number="930"  hits="0"  branch="false" />
			<line number="931"  hits="0"  branch="false" />
			<line number="933"  hits="0"  branch="false" />
			<line number="934"  hits="0"  branch="false" />
			<line number="937"  hits="0"  branch="false" />
			<line number="940"  hits="0"  branch="false" />
			<line number="941"  hits="0"  branch="false" />
			<line number="942"  hits="0"  branch="false" />
			<line number="943"  hits="0"  branch="false" />
			<line number="945"  hits="0"  branch="false" />
			<line number="946"  hits="0"  branch="true"  condition-coverage="0% (0/2)" />
			<line number="947"  hits="0"  branch="false" />
			<line number="948"  hits="0"  branch="true"  condition-coverage="0% (0/4)" />
			<line number="949"  hits="0"  branch="false" />
			<line number="952"  hits="0"  branch="false" />
			<line number="953"  hits="0"  branch="false" />
			<line number="958"  hits="0"  branch="false" />
			<line number="959"  hits="0"  branch="false" />
			<line number="960"  hits="0"  branch="true"  condition-coverage="0% (0/2)" />
			<line number="963"  hits="0"  branch="false" />
			<line number="964"  hits="0"  branch="false" />
			<line number="965"  hits="0"  branch="false" />
			<line number="967"  hits="0"  branch="false" />
			<line number="969"  hits="0"  branch="false" />
			<line number="971"  hits="0"  branch="false" />
			<line number="972"  hits="0"  branch="false" />
			<line number="976"  hits="0"  branch="false" />
			<line number="983"  hits="8"  branch="false" />
			<line number="984"  hits="0"  branch="false" />
			<line number="985"  hits="0"  branch="false" />
			<line number="986"  hits="0"  branch="true"  condition-coverage="0% (0/2)" />
			<line number="987"  hits="0"  branch="false" />
			<line number="988"  hits="0"  branch="false" />
			<line number="990"  hits="0"  branch="false" />
			<line number="991"  hits="0"  branch="false" />
			<line number="993"  hits="0"  branch="false" />
			<line number="995"  hits="0"  branch="false" />
			<line number="998"  hits="0"  branch="false" />
			<line number="999"  hits="0"  branch="false" />
			<line number="1000"  hits="0"  branch="false" />
			<line number="1001"  hits="0"  branch="false" />
			<line number="1004"  hits="0"  branch="false" />
			<line number="1005"  hits="0"  branch="false" />
			<line number="1006"  hits="0"  branch="false" />
			<line number="1010"  hits="0"  branch="false" />
			<line number="1011"  hits="0"  branch="false" />
			<line number="1012"  hits="0"  branch="true"  condition-coverage="0% (0/2)" />
			<line number="1015"  hits="0"  branch="false" />
			<line number="1016"  hits="0"  branch="false" />
			<line number="1017"  hits="0"  branch="false" />
			<line number="1019"  hits="0"  branch="false" />
			<line number="1021"  hits="0"  branch="false" />
			<line number="1023"  hits="0"  branch="false" />
			<line number="1024"  hits="0"  branch="false" />
			<line number="1028"  hits="0"  branch="false" />
			<line number="1033"  hits="8"  branch="false" />
			<line number="1034"  hits="0"  branch="false" />
			<line number="1035"  hits="0"  branch="false" />
			<line number="1036"  hits="0"  branch="true"  condition-coverage="0% (0/2)" />
			<line number="1037"  hits="0"  branch="false" />
			<line number="1038"  hits="0"  branch="false" />
			<line number="1040"  hits="0"  branch="false" />
			<line number="1041"  hits="0"  branch="false" />
			<line number="1044"  hits="0"  branch="false" />
			<line number="1047"  hits="0"  branch="false" />
			<line number="1048"  hits="0"  branch="false" />
			<line number="1049"  hits="0"  branch="false" />
			<line number="1050"  hits="0"  branch="false" />
			<line number="1051"  hits="0"  branch="false" />
			<line number="1054"  hits="0"  branch="false" />
			<line number="1055"  hits="0"  branch="false" />
			<line number="1056"  hits="0"  branch="false" />
			<line number="1058"  hits="0"  branch="false" />
			<line number="1059"  hits="0"  branch="false" />
			<line number="1063"  hits="0"  branch="false" />
			<line number="1064"  hits="0"  branch="false" />
			<line number="1065"  hits="0"  branch="true"  condition-coverage="0% (0/2)" />
			<line number="1068"  hits="0"  branch="false" />
			<line number="1069"  hits="0"  branch="false" />
			<line number="1070"  hits="0"  branch="false" />
			<line number="1072"  hits="0"  branch="false" />
			<line number="1074"  hits="0"  branch="false" />
			<line number="1076"  hits="0"  branch="false" />
			<line number="1077"  hits="0"  branch="false" />
			<line number="1081"  hits="0"  branch="false" />
			<line number="1086"  hits="8"  branch="false" />
			<line number="1087"  hits="0"  branch="false" />
			<line number="1088"  hits="0"  branch="false" />
			<line number="1089"  hits="0"  branch="true"  condition-coverage="0% (0/2)" />
			<line number="1090"  hits="0"  branch="false" />
			<line number="1091"  hits="0"  branch="false" />
			<line number="1093"  hits="0"  branch="false" />
			<line number="1094"  hits="0"  branch="false" />
			<line number="1098"  hits="0"  branch="false" />
			<line number="1100"  hits="0"  branch="false" />
			<line number="1101"  hits="0"  branch="false" />
			<line number="1102"  hits="0"  branch="false" />
			<line number="1105"  hits="0"  branch="false" />
			<line number="1106"  hits="0"  branch="true"  condition-coverage="0% (0/4)" />
			<line number="1107"  hits="0"  branch="false" />
			<line number="1108"  hits="0"  branch="false" />
			<line number="1113"  hits="0"  branch="false" />
			<line number="1114"  hits="0"  branch="false" />
			<line number="1115"  hits="0"  branch="true"  condition-coverage="0% (0/2)" />
			<line number="1118"  hits="0"  branch="false" />
			<line number="1119"  hits="0"  branch="false" />
			<line number="1120"  hits="0"  branch="false" />
			<line number="1122"  hits="0"  branch="false" />
			<line number="1124"  hits="0"  branch="false" />
			<line number="1126"  hits="0"  branch="false" />
			<line number="1127"  hits="0"  branch="false" />
			<line number="1131"  hits="0"  branch="false" />
			<line number="1139"  hits="8"  branch="false" />
			<line number="1140"  hits="8"  branch="false" />
			<line number="1142"  hits="8"  branch="false" />
			<line number="1143"  hits="8"  branch="false" />
			<line number="1145"  hits="8"  branch="false" />
			<line number="1147"  hits="8"  branch="false" />
			<line number="1155"  hits="8"  branch="false" />
			<line number="1156"  hits="8"  branch="false" />
			<line number="1157"  hits="8"  branch="false" />
			<line number="1158"  hits="8"  branch="true"  condition-coverage="50% (1/2)" />
			<line number="1160"  hits="8"  branch="false" />
			<line number="1162"  hits="0"  branch="false" />
			<line number="1163"  hits="0"  branch="true"  condition-coverage="0% (0/2)" />
			<line number="1165"  hits="0"  branch="false" />
			<line number="1166"  hits="0"  branch="false" />
			<line number="1169"  hits="0"  branch="false" />
			<line number="1170"  hits="0"  branch="false" />
			<line number="1176"  hits="0"  branch="false" />
			<line number="1178"  hits="0"  branch="false" />
			<line number="1179"  hits="0"  branch="false" />
			<line number="1184"  hits="8"  branch="false" />
			<line number="1187"  hits="8"  branch="false" />
			<line number="1211"  hits="8"  branch="false" />
			<line number="1226"  hits="10"  branch="false" />
			<line number="1236"  hits="8"  branch="false" />
			<line number="1238"  hits="8"  branch="true"  condition-coverage="80% (4/5)" />
			<line number="1239"  hits="8"  branch="false" />
			<line number="1242"  hits="8"  branch="true"  condition-coverage="80% (4/5)" />
			<line number="1243"  hits="8"  branch="false" />
			<line number="1246"  hits="8"  branch="true"  condition-coverage="80% (4/5)" />
			<line number="1247"  hits="8"  branch="false" />
			<line number="1250"  hits="8"  branch="true"  condition-coverage="80% (4/5)" />
			<line number="1251"  hits="8"  branch="false" />
			<line number="1254"  hits="8"  branch="true"  condition-coverage="80% (4/5)" />
			<line number="1255"  hits="8"  branch="false" />
			<line number="1258"  hits="8"  branch="false" />
			<line number="1259"  hits="0"  branch="false" />
			<line number="1260"  hits="0"  branch="false" />
			<line number="1262"  hits="0"  branch="false" />
			<line number="1263"  hits="0"  branch="false" />
			<line number="1264"  hits="0"  branch="false" />
			<line number="1267"  hits="8"  branch="false" />
			<line number="1268"  hits="0"  branch="false" />
			<line number="1269"  hits="0"  branch="false" />
			<line number="1271"  hits="0"  branch="false" />
			<line number="1272"  hits="0"  branch="false" />
			<line number="1273"  hits="0"  branch="false" />
			<line number="1276"  hits="8"  branch="false" />
			<line number="1277"  hits="1"  branch="false" />
			<line number="1278"  hits="1"  branch="false" />
			<line number="1280"  hits="1"  branch="false" />
			<line number="1281"  hits="1"  branch="false" />
			<line number="1282"  hits="1"  branch="false" />
			<line number="1285"  hits="8"  branch="false" />
			<line number="1286"  hits="0"  branch="false" />
			<line number="1287"  hits="0"  branch="false" />
			<line number="1289"  hits="0"  branch="false" />
			<line number="1290"  hits="0"  branch="false" />
			<line number="1291"  hits="0"  branch="false" />
			<line number="1294"  hits="8"  branch="false" />
			<line number="1295"  hits="7"  branch="false" />
			<line number="1296"  hits="7"  branch="false" />
			<line number="1298"  hits="7"  branch="false" />
			<line number="1299"  hits="7"  branch="false" />
			<line number="1300"  hits="7"  branch="false" />
			<line number="1301"  hits="7"  branch="false" />
			<line number="1305"  hits="8"  branch="false" />
			<line number="1306"  hits="8"  branch="true"  condition-coverage="40% (2/5)" />
			<line number="1309"  hits="0"  branch="true"  condition-coverage="0% (0/4)" />
			<line number="1310"  hits="0"  branch="true"  condition-coverage="0% (0/2)" />
			<line number="1312"  hits="0"  branch="false" />
			<line number="1313"  hits="0"  branch="false" />
			<line number="1314"  hits="0"  branch="true"  condition-coverage="0% (0/2)" />
			<line number="1315"  hits="0"  branch="false" />
			<line number="1318"  hits="0"  branch="false" />
			<line number="1319"  hits="0"  branch="false" />
			<line number="1320"  hits="0"  branch="true"  condition-coverage="0% (0/2)" />
			<line number="1321"  hits="0"  branch="false" />
			<line number="1324"  hits="0"  branch="false" />
			<line number="1325"  hits="0"  branch="false" />
			<line number="1326"  hits="0"  branch="true"  condition-coverage="0% (0/2)" />
			<line number="1327"  hits="0"  branch="false" />
			<line number="1330"  hits="0"  branch="false" />
			<line number="1331"  hits="0"  branch="false" />
			<line number="1332"  hits="0"  branch="true"  condition-coverage="0% (0/2)" />
			<line number="1333"  hits="0"  branch="false" />
			<line number="1336"  hits="0"  branch="false" />
			<line number="1337"  hits="0"  branch="false" />
			<line number="1347"  hits="0"  branch="false" />
			<line number="1350"  hits="0"  branch="true"  condition-coverage="0% (0/2)" />
			<line number="1352"  hits="0"  branch="false" />
			<line number="1353"  hits="0"  branch="false" />
			<line number="1354"  hits="0"  branch="true"  condition-coverage="0% (0/2)" />
			<line number="1355"  hits="0"  branch="false" />
			<line number="1358"  hits="0"  branch="false" />
			<line number="1359"  hits="0"  branch="false" />
			<line number="1360"  hits="0"  branch="true"  condition-coverage="0% (0/2)" />
			<line number="1361"  hits="0"  branch="false" />
			<line number="1364"  hits="0"  branch="false" />
			<line number="1365"  hits="0"  branch="false" />
			<line number="1366"  hits="0"  branch="true"  condition-coverage="0% (0/2)" />
			<line number="1367"  hits="0"  branch="false" />
			<line number="1370"  hits="0"  branch="false" />
			<line number="1371"  hits="0"  branch="false" />
			<line number="1372"  hits="0"  branch="true"  condition-coverage="0% (0/2)" />
			<line number="1373"  hits="0"  branch="false" />
			<line number="1376"  hits="0"  branch="false" />
			<line number="1377"  hits="0"  branch="false" />
			<line number="1387"  hits="0"  branch="false" />
			<line number="1390"  hits="1"  branch="true"  condition-coverage="50% (1/2)" />
			<line number="1392"  hits="1"  branch="false" />
			<line number="1393"  hits="1"  branch="false" />
			<line number="1394"  hits="1"  branch="true"  condition-coverage="50% (1/2)" />
			<line number="1395"  hits="1"  branch="false" />
			<line number="1398"  hits="0"  branch="false" />
			<line number="1399"  hits="0"  branch="false" />
			<line number="1400"  hits="0"  branch="true"  condition-coverage="0% (0/2)" />
			<line number="1401"  hits="0"  branch="false" />
			<line number="1404"  hits="0"  branch="false" />
			<line number="1405"  hits="0"  branch="false" />
			<line number="1406"  hits="0"  branch="true"  condition-coverage="0% (0/2)" />
			<line number="1407"  hits="0"  branch="false" />
			<line number="1410"  hits="0"  branch="false" />
			<line number="1411"  hits="0"  branch="false" />
			<line number="1412"  hits="0"  branch="true"  condition-coverage="0% (0/2)" />
			<line number="1413"  hits="0"  branch="false" />
			<line number="1416"  hits="0"  branch="false" />
			<line number="1417"  hits="0"  branch="false" />
			<line number="1427"  hits="1"  branch="false" />
			<line number="1430"  hits="0"  branch="true"  condition-coverage="0% (0/2)" />
			<line number="1432"  hits="0"  branch="false" />
			<line number="1433"  hits="0"  branch="false" />
			<line number="1434"  hits="0"  branch="true"  condition-coverage="0% (0/2)" />
			<line number="1435"  hits="0"  branch="false" />
			<line number="1438"  hits="0"  branch="false" />
			<line number="1439"  hits="0"  branch="false" />
			<line number="1440"  hits="0"  branch="true"  condition-coverage="0% (0/2)" />
			<line number="1441"  hits="0"  branch="false" />
			<line number="1444"  hits="0"  branch="false" />
			<line number="1445"  hits="0"  branch="false" />
			<line number="1446"  hits="0"  branch="true"  condition-coverage="0% (0/2)" />
			<line number="1447"  hits="0"  branch="false" />
			<line number="1450"  hits="0"  branch="false" />
			<line number="1451"  hits="0"  branch="false" />
			<line number="1452"  hits="0"  branch="true"  condition-coverage="0% (0/2)" />
			<line number="1453"  hits="0"  branch="false" />
			<line number="1456"  hits="0"  branch="false" />
			<line number="1457"  hits="0"  branch="false" />
			<line number="1467"  hits="0"  branch="false" />
			<line number="1470"  hits="7"  branch="false" />
			<line number="1471"  hits="7"  branch="false" />
			<line number="1472"  hits="7"  branch="false" />
			<line number="1474"  hits="7"  branch="false" />
			<line number="1477"  hits="8"  branch="false" />
			<line number="1479"  hits="0"  branch="false" />
			<line number="1481"  hits="0"  branch="false" />
			<line number="1482"  hits="0"  branch="false" />
			<line number="1488"  hits="7"  branch="false" />
			<line number="1492"  hits="1"  branch="false" />
			<line number="1496"  hits="2"  branch="false" />
			<line number="1500"  hits="2"  branch="false" />
			<line number="1504"  hits="1"  branch="false" />
			<line number="1510"  hits="7"  branch="false" />
			<line number="1513"  hits="7"  branch="false" />
			<line number="1514"  hits="1"  branch="false" />
			<line number="1517"  hits="7"  branch="false" />
			<line number="1519"  hits="1"  branch="false" />
			<line number="1522"  hits="8"  branch="false" />
		</lines>
		</class>
	</classes>
	</package>
</packages>
</coverage>
