<?xml version="1.0" ?>
<!DOCTYPE coverage SYSTEM "http://cobertura.sourceforge.net/xml/coverage-04.dtd">
<coverage lines-valid="719"  lines-covered="200"  line-rate="0.2782"  branches-valid="184"  branches-covered="31"  branch-rate="0.1685"  timestamp="1444979487860" complexity="0" version="0.1">
<sources>
	<source>c:\Workspaces\financialadviser-local\angular-cache-service</source>
</sources>
<packages>
	<package name="src"  line-rate="0.2782"  branch-rate="0.1685" >
	<classes>
		<class name="ngCacheService.js"  filename="src\ngCacheService.js"  line-rate="0.2782"  branch-rate="0.1685" >
		<methods>
			<method name="(anonymous_1)"  hits="7"  signature="()V" >
				<lines><line number="18"  hits="7" /></lines>
			</method>
			<method name="(anonymous_2)"  hits="1"  signature="()V" >
				<lines><line number="19"  hits="1" /></lines>
			</method>
			<method name="(anonymous_3)"  hits="8"  signature="()V" >
				<lines><line number="22"  hits="8" /></lines>
			</method>
			<method name="(anonymous_4)"  hits="7"  signature="()V" >
				<lines><line number="40"  hits="7" /></lines>
			</method>
			<method name="(anonymous_5)"  hits="7"  signature="()V" >
				<lines><line number="45"  hits="7" /></lines>
			</method>
			<method name="(anonymous_6)"  hits="7"  signature="()V" >
				<lines><line number="56"  hits="7" /></lines>
			</method>
			<method name="(anonymous_7)"  hits="7"  signature="()V" >
				<lines><line number="65"  hits="7" /></lines>
			</method>
			<method name="(anonymous_8)"  hits="7"  signature="()V" >
				<lines><line number="72"  hits="7" /></lines>
			</method>
			<method name="(anonymous_9)"  hits="2"  signature="()V" >
				<lines><line number="83"  hits="2" /></lines>
			</method>
			<method name="(anonymous_10)"  hits="0"  signature="()V" >
				<lines><line number="88"  hits="0" /></lines>
			</method>
			<method name="(anonymous_11)"  hits="2"  signature="()V" >
				<lines><line number="92"  hits="2" /></lines>
			</method>
			<method name="(anonymous_12)"  hits="8"  signature="()V" >
				<lines><line number="104"  hits="8" /></lines>
			</method>
			<method name="(anonymous_13)"  hits="8"  signature="()V" >
				<lines><line number="109"  hits="8" /></lines>
			</method>
			<method name="(anonymous_14)"  hits="2"  signature="()V" >
				<lines><line number="121"  hits="2" /></lines>
			</method>
			<method name="(anonymous_15)"  hits="2"  signature="()V" >
				<lines><line number="133"  hits="2" /></lines>
			</method>
			<method name="(anonymous_16)"  hits="1"  signature="()V" >
				<lines><line number="142"  hits="1" /></lines>
			</method>
			<method name="(anonymous_17)"  hits="1"  signature="()V" >
				<lines><line number="155"  hits="1" /></lines>
			</method>
			<method name="(anonymous_18)"  hits="0"  signature="()V" >
				<lines><line number="159"  hits="0" /></lines>
			</method>
			<method name="(anonymous_19)"  hits="0"  signature="()V" >
				<lines><line number="173"  hits="0" /></lines>
			</method>
			<method name="(anonymous_20)"  hits="8"  signature="()V" >
				<lines><line number="202"  hits="8" /></lines>
			</method>
			<method name="(anonymous_21)"  hits="0"  signature="()V" >
				<lines><line number="224"  hits="0" /></lines>
			</method>
			<method name="(anonymous_22)"  hits="8"  signature="()V" >
				<lines><line number="241"  hits="8" /></lines>
			</method>
			<method name="(anonymous_23)"  hits="1"  signature="()V" >
				<lines><line number="266"  hits="1" /></lines>
			</method>
			<method name="(anonymous_24)"  hits="1"  signature="()V" >
				<lines><line number="271"  hits="1" /></lines>
			</method>
			<method name="(anonymous_25)"  hits="8"  signature="()V" >
				<lines><line number="282"  hits="8" /></lines>
			</method>
			<method name="(anonymous_26)"  hits="0"  signature="()V" >
				<lines><line number="299"  hits="0" /></lines>
			</method>
			<method name="(anonymous_27)"  hits="16"  signature="()V" >
				<lines><line number="312"  hits="16" /></lines>
			</method>
			<method name="(anonymous_28)"  hits="0"  signature="()V" >
				<lines><line number="323"  hits="0" /></lines>
			</method>
			<method name="(anonymous_29)"  hits="0"  signature="()V" >
				<lines><line number="335"  hits="0" /></lines>
			</method>
			<method name="(anonymous_30)"  hits="0"  signature="()V" >
				<lines><line number="363"  hits="0" /></lines>
			</method>
			<method name="(anonymous_31)"  hits="0"  signature="()V" >
				<lines><line number="368"  hits="0" /></lines>
			</method>
			<method name="(anonymous_32)"  hits="0"  signature="()V" >
				<lines><line number="379"  hits="0" /></lines>
			</method>
			<method name="(anonymous_33)"  hits="0"  signature="()V" >
				<lines><line number="396"  hits="0" /></lines>
			</method>
			<method name="(anonymous_34)"  hits="0"  signature="()V" >
				<lines><line number="409"  hits="0" /></lines>
			</method>
			<method name="(anonymous_35)"  hits="0"  signature="()V" >
				<lines><line number="421"  hits="0" /></lines>
			</method>
			<method name="(anonymous_36)"  hits="0"  signature="()V" >
				<lines><line number="433"  hits="0" /></lines>
			</method>
			<method name="(anonymous_37)"  hits="0"  signature="()V" >
				<lines><line number="458"  hits="0" /></lines>
			</method>
			<method name="(anonymous_38)"  hits="0"  signature="()V" >
				<lines><line number="465"  hits="0" /></lines>
			</method>
			<method name="(anonymous_39)"  hits="0"  signature="()V" >
				<lines><line number="475"  hits="0" /></lines>
			</method>
			<method name="(anonymous_40)"  hits="0"  signature="()V" >
				<lines><line number="489"  hits="0" /></lines>
			</method>
			<method name="(anonymous_41)"  hits="0"  signature="()V" >
				<lines><line number="505"  hits="0" /></lines>
			</method>
			<method name="(anonymous_42)"  hits="0"  signature="()V" >
				<lines><line number="507"  hits="0" /></lines>
			</method>
			<method name="(anonymous_43)"  hits="0"  signature="()V" >
				<lines><line number="512"  hits="0" /></lines>
			</method>
			<method name="(anonymous_44)"  hits="0"  signature="()V" >
				<lines><line number="516"  hits="0" /></lines>
			</method>
			<method name="(anonymous_45)"  hits="0"  signature="()V" >
				<lines><line number="529"  hits="0" /></lines>
			</method>
			<method name="(anonymous_46)"  hits="0"  signature="()V" >
				<lines><line number="540"  hits="0" /></lines>
			</method>
			<method name="(anonymous_47)"  hits="0"  signature="()V" >
				<lines><line number="552"  hits="0" /></lines>
			</method>
			<method name="(anonymous_48)"  hits="0"  signature="()V" >
				<lines><line number="556"  hits="0" /></lines>
			</method>
			<method name="(anonymous_49)"  hits="0"  signature="()V" >
				<lines><line number="561"  hits="0" /></lines>
			</method>
			<method name="(anonymous_50)"  hits="0"  signature="()V" >
				<lines><line number="566"  hits="0" /></lines>
			</method>
			<method name="(anonymous_51)"  hits="0"  signature="()V" >
				<lines><line number="570"  hits="0" /></lines>
			</method>
			<method name="(anonymous_52)"  hits="0"  signature="()V" >
				<lines><line number="573"  hits="0" /></lines>
			</method>
			<method name="(anonymous_53)"  hits="0"  signature="()V" >
				<lines><line number="584"  hits="0" /></lines>
			</method>
			<method name="(anonymous_54)"  hits="0"  signature="()V" >
				<lines><line number="596"  hits="0" /></lines>
			</method>
			<method name="(anonymous_55)"  hits="0"  signature="()V" >
				<lines><line number="602"  hits="0" /></lines>
			</method>
			<method name="(anonymous_56)"  hits="0"  signature="()V" >
				<lines><line number="615"  hits="0" /></lines>
			</method>
			<method name="(anonymous_57)"  hits="0"  signature="()V" >
				<lines><line number="620"  hits="0" /></lines>
			</method>
			<method name="(anonymous_58)"  hits="0"  signature="()V" >
				<lines><line number="625"  hits="0" /></lines>
			</method>
			<method name="(anonymous_59)"  hits="0"  signature="()V" >
				<lines><line number="629"  hits="0" /></lines>
			</method>
			<method name="(anonymous_60)"  hits="0"  signature="()V" >
				<lines><line number="641"  hits="0" /></lines>
			</method>
			<method name="(anonymous_61)"  hits="0"  signature="()V" >
				<lines><line number="648"  hits="0" /></lines>
			</method>
			<method name="(anonymous_62)"  hits="0"  signature="()V" >
				<lines><line number="662"  hits="0" /></lines>
			</method>
			<method name="(anonymous_63)"  hits="0"  signature="()V" >
				<lines><line number="663"  hits="0" /></lines>
			</method>
			<method name="(anonymous_64)"  hits="0"  signature="()V" >
				<lines><line number="668"  hits="0" /></lines>
			</method>
			<method name="(anonymous_65)"  hits="0"  signature="()V" >
				<lines><line number="672"  hits="0" /></lines>
			</method>
			<method name="(anonymous_66)"  hits="0"  signature="()V" >
				<lines><line number="682"  hits="0" /></lines>
			</method>
			<method name="(anonymous_67)"  hits="0"  signature="()V" >
				<lines><line number="689"  hits="0" /></lines>
			</method>
			<method name="(anonymous_68)"  hits="0"  signature="()V" >
				<lines><line number="701"  hits="0" /></lines>
			</method>
			<method name="(anonymous_69)"  hits="0"  signature="()V" >
				<lines><line number="704"  hits="0" /></lines>
			</method>
			<method name="(anonymous_70)"  hits="0"  signature="()V" >
				<lines><line number="709"  hits="0" /></lines>
			</method>
			<method name="(anonymous_71)"  hits="0"  signature="()V" >
				<lines><line number="713"  hits="0" /></lines>
			</method>
			<method name="(anonymous_72)"  hits="0"  signature="()V" >
				<lines><line number="718"  hits="0" /></lines>
			</method>
			<method name="(anonymous_73)"  hits="0"  signature="()V" >
				<lines><line number="722"  hits="0" /></lines>
			</method>
			<method name="(anonymous_74)"  hits="0"  signature="()V" >
				<lines><line number="732"  hits="0" /></lines>
			</method>
			<method name="(anonymous_75)"  hits="0"  signature="()V" >
				<lines><line number="739"  hits="0" /></lines>
			</method>
			<method name="(anonymous_76)"  hits="0"  signature="()V" >
				<lines><line number="749"  hits="0" /></lines>
			</method>
			<method name="(anonymous_77)"  hits="0"  signature="()V" >
				<lines><line number="750"  hits="0" /></lines>
			</method>
			<method name="(anonymous_78)"  hits="0"  signature="()V" >
				<lines><line number="755"  hits="0" /></lines>
			</method>
			<method name="(anonymous_79)"  hits="0"  signature="()V" >
				<lines><line number="759"  hits="0" /></lines>
			</method>
			<method name="(anonymous_80)"  hits="0"  signature="()V" >
				<lines><line number="789"  hits="0" /></lines>
			</method>
			<method name="(anonymous_81)"  hits="0"  signature="()V" >
				<lines><line number="797"  hits="0" /></lines>
			</method>
			<method name="(anonymous_82)"  hits="0"  signature="()V" >
				<lines><line number="807"  hits="0" /></lines>
			</method>
			<method name="(anonymous_83)"  hits="0"  signature="()V" >
				<lines><line number="816"  hits="0" /></lines>
			</method>
			<method name="(anonymous_84)"  hits="0"  signature="()V" >
				<lines><line number="821"  hits="0" /></lines>
			</method>
			<method name="(anonymous_85)"  hits="0"  signature="()V" >
				<lines><line number="822"  hits="0" /></lines>
			</method>
			<method name="(anonymous_86)"  hits="0"  signature="()V" >
				<lines><line number="827"  hits="0" /></lines>
			</method>
			<method name="(anonymous_87)"  hits="0"  signature="()V" >
				<lines><line number="840"  hits="0" /></lines>
			</method>
			<method name="(anonymous_88)"  hits="0"  signature="()V" >
				<lines><line number="848"  hits="0" /></lines>
			</method>
			<method name="(anonymous_89)"  hits="0"  signature="()V" >
				<lines><line number="861"  hits="0" /></lines>
			</method>
			<method name="(anonymous_90)"  hits="0"  signature="()V" >
				<lines><line number="868"  hits="0" /></lines>
			</method>
			<method name="(anonymous_91)"  hits="0"  signature="()V" >
				<lines><line number="877"  hits="0" /></lines>
			</method>
			<method name="(anonymous_92)"  hits="0"  signature="()V" >
				<lines><line number="886"  hits="0" /></lines>
			</method>
			<method name="(anonymous_93)"  hits="0"  signature="()V" >
				<lines><line number="891"  hits="0" /></lines>
			</method>
			<method name="(anonymous_94)"  hits="0"  signature="()V" >
				<lines><line number="894"  hits="0" /></lines>
			</method>
			<method name="(anonymous_95)"  hits="0"  signature="()V" >
				<lines><line number="898"  hits="0" /></lines>
			</method>
			<method name="(anonymous_96)"  hits="0"  signature="()V" >
				<lines><line number="903"  hits="0" /></lines>
			</method>
			<method name="(anonymous_97)"  hits="0"  signature="()V" >
				<lines><line number="916"  hits="0" /></lines>
			</method>
			<method name="(anonymous_98)"  hits="0"  signature="()V" >
				<lines><line number="928"  hits="0" /></lines>
			</method>
			<method name="(anonymous_99)"  hits="0"  signature="()V" >
				<lines><line number="935"  hits="0" /></lines>
			</method>
			<method name="(anonymous_100)"  hits="0"  signature="()V" >
				<lines><line number="943"  hits="0" /></lines>
			</method>
			<method name="(anonymous_101)"  hits="0"  signature="()V" >
				<lines><line number="947"  hits="0" /></lines>
			</method>
			<method name="(anonymous_102)"  hits="0"  signature="()V" >
				<lines><line number="954"  hits="0" /></lines>
			</method>
			<method name="(anonymous_103)"  hits="0"  signature="()V" >
				<lines><line number="960"  hits="0" /></lines>
			</method>
			<method name="(anonymous_104)"  hits="0"  signature="()V" >
				<lines><line number="973"  hits="0" /></lines>
			</method>
			<method name="(anonymous_105)"  hits="0"  signature="()V" >
				<lines><line number="985"  hits="0" /></lines>
			</method>
			<method name="(anonymous_106)"  hits="0"  signature="()V" >
				<lines><line number="992"  hits="0" /></lines>
			</method>
			<method name="(anonymous_107)"  hits="0"  signature="()V" >
				<lines><line number="1001"  hits="0" /></lines>
			</method>
			<method name="(anonymous_108)"  hits="0"  signature="()V" >
				<lines><line number="1006"  hits="0" /></lines>
			</method>
			<method name="(anonymous_109)"  hits="0"  signature="()V" >
				<lines><line number="1007"  hits="0" /></lines>
			</method>
			<method name="(anonymous_110)"  hits="0"  signature="()V" >
				<lines><line number="1012"  hits="0" /></lines>
			</method>
			<method name="(anonymous_111)"  hits="0"  signature="()V" >
				<lines><line number="1025"  hits="0" /></lines>
			</method>
			<method name="(anonymous_112)"  hits="0"  signature="()V" >
				<lines><line number="1035"  hits="0" /></lines>
			</method>
			<method name="(anonymous_113)"  hits="0"  signature="()V" >
				<lines><line number="1042"  hits="0" /></lines>
			</method>
			<method name="(anonymous_114)"  hits="0"  signature="()V" >
				<lines><line number="1051"  hits="0" /></lines>
			</method>
			<method name="(anonymous_115)"  hits="0"  signature="()V" >
				<lines><line number="1056"  hits="0" /></lines>
			</method>
			<method name="(anonymous_116)"  hits="0"  signature="()V" >
				<lines><line number="1060"  hits="0" /></lines>
			</method>
			<method name="(anonymous_117)"  hits="0"  signature="()V" >
				<lines><line number="1065"  hits="0" /></lines>
			</method>
			<method name="(anonymous_118)"  hits="0"  signature="()V" >
				<lines><line number="1078"  hits="0" /></lines>
			</method>
			<method name="(anonymous_119)"  hits="0"  signature="()V" >
				<lines><line number="1088"  hits="0" /></lines>
			</method>
			<method name="(anonymous_120)"  hits="0"  signature="()V" >
				<lines><line number="1095"  hits="0" /></lines>
			</method>
			<method name="(anonymous_121)"  hits="0"  signature="()V" >
				<lines><line number="1102"  hits="0" /></lines>
			</method>
			<method name="(anonymous_122)"  hits="0"  signature="()V" >
				<lines><line number="1107"  hits="0" /></lines>
			</method>
			<method name="(anonymous_123)"  hits="0"  signature="()V" >
				<lines><line number="1109"  hits="0" /></lines>
			</method>
			<method name="(anonymous_124)"  hits="0"  signature="()V" >
				<lines><line number="1115"  hits="0" /></lines>
			</method>
			<method name="(anonymous_125)"  hits="0"  signature="()V" >
				<lines><line number="1128"  hits="0" /></lines>
			</method>
			<method name="(anonymous_126)"  hits="8"  signature="()V" >
				<lines><line number="1141"  hits="8" /></lines>
			</method>
			<method name="(anonymous_127)"  hits="8"  signature="()V" >
				<lines><line number="1145"  hits="8" /></lines>
			</method>
			<method name="(anonymous_128)"  hits="8"  signature="()V" >
				<lines><line number="1157"  hits="8" /></lines>
			</method>
			<method name="(anonymous_129)"  hits="8"  signature="()V" >
				<lines><line number="1159"  hits="8" /></lines>
			</method>
			<method name="(anonymous_130)"  hits="0"  signature="()V" >
				<lines><line number="1164"  hits="0" /></lines>
			</method>
			<method name="(anonymous_131)"  hits="10"  signature="()V" >
				<lines><line number="1217"  hits="10" /></lines>
			</method>
			<method name="(anonymous_132)"  hits="8"  signature="()V" >
				<lines><line number="1227"  hits="8" /></lines>
			</method>
			<method name="(anonymous_133)"  hits="0"  signature="()V" >
				<lines><line number="1250"  hits="0" /></lines>
			</method>
			<method name="(anonymous_134)"  hits="0"  signature="()V" >
				<lines><line number="1251"  hits="0" /></lines>
			</method>
			<method name="(anonymous_135)"  hits="0"  signature="()V" >
				<lines><line number="1259"  hits="0" /></lines>
			</method>
			<method name="(anonymous_136)"  hits="0"  signature="()V" >
				<lines><line number="1260"  hits="0" /></lines>
			</method>
			<method name="(anonymous_137)"  hits="1"  signature="()V" >
				<lines><line number="1268"  hits="1" /></lines>
			</method>
			<method name="(anonymous_138)"  hits="1"  signature="()V" >
				<lines><line number="1269"  hits="1" /></lines>
			</method>
			<method name="(anonymous_139)"  hits="0"  signature="()V" >
				<lines><line number="1277"  hits="0" /></lines>
			</method>
			<method name="(anonymous_140)"  hits="0"  signature="()V" >
				<lines><line number="1278"  hits="0" /></lines>
			</method>
			<method name="(anonymous_141)"  hits="7"  signature="()V" >
				<lines><line number="1286"  hits="7" /></lines>
			</method>
			<method name="(anonymous_142)"  hits="7"  signature="()V" >
				<lines><line number="1287"  hits="7" /></lines>
			</method>
			<method name="(anonymous_143)"  hits="0"  signature="()V" >
				<lines><line number="1305"  hits="0" /></lines>
			</method>
			<method name="(anonymous_144)"  hits="0"  signature="()V" >
				<lines><line number="1311"  hits="0" /></lines>
			</method>
			<method name="(anonymous_145)"  hits="0"  signature="()V" >
				<lines><line number="1317"  hits="0" /></lines>
			</method>
			<method name="(anonymous_146)"  hits="0"  signature="()V" >
				<lines><line number="1323"  hits="0" /></lines>
			</method>
			<method name="(anonymous_147)"  hits="0"  signature="()V" >
				<lines><line number="1345"  hits="0" /></lines>
			</method>
			<method name="(anonymous_148)"  hits="0"  signature="()V" >
				<lines><line number="1351"  hits="0" /></lines>
			</method>
			<method name="(anonymous_149)"  hits="0"  signature="()V" >
				<lines><line number="1357"  hits="0" /></lines>
			</method>
			<method name="(anonymous_150)"  hits="0"  signature="()V" >
				<lines><line number="1363"  hits="0" /></lines>
			</method>
			<method name="(anonymous_151)"  hits="1"  signature="()V" >
				<lines><line number="1385"  hits="1" /></lines>
			</method>
			<method name="(anonymous_152)"  hits="0"  signature="()V" >
				<lines><line number="1391"  hits="0" /></lines>
			</method>
			<method name="(anonymous_153)"  hits="0"  signature="()V" >
				<lines><line number="1397"  hits="0" /></lines>
			</method>
			<method name="(anonymous_154)"  hits="0"  signature="()V" >
				<lines><line number="1403"  hits="0" /></lines>
			</method>
			<method name="(anonymous_155)"  hits="0"  signature="()V" >
				<lines><line number="1425"  hits="0" /></lines>
			</method>
			<method name="(anonymous_156)"  hits="0"  signature="()V" >
				<lines><line number="1431"  hits="0" /></lines>
			</method>
			<method name="(anonymous_157)"  hits="0"  signature="()V" >
				<lines><line number="1437"  hits="0" /></lines>
			</method>
			<method name="(anonymous_158)"  hits="0"  signature="()V" >
				<lines><line number="1443"  hits="0" /></lines>
			</method>
			<method name="(anonymous_159)"  hits="7"  signature="()V" >
				<lines><line number="1463"  hits="7" /></lines>
			</method>
			<method name="(anonymous_160)"  hits="7"  signature="()V" >
				<lines><line number="1479"  hits="7" /></lines>
			</method>
			<method name="(anonymous_161)"  hits="1"  signature="()V" >
				<lines><line number="1483"  hits="1" /></lines>
			</method>
			<method name="(anonymous_162)"  hits="2"  signature="()V" >
				<lines><line number="1487"  hits="2" /></lines>
			</method>
			<method name="(anonymous_163)"  hits="2"  signature="()V" >
				<lines><line number="1491"  hits="2" /></lines>
			</method>
			<method name="(anonymous_164)"  hits="1"  signature="()V" >
				<lines><line number="1495"  hits="1" /></lines>
			</method>
			<method name="(anonymous_165)"  hits="1"  signature="()V" >
				<lines><line number="1505"  hits="1" /></lines>
			</method>
			<method name="(anonymous_166)"  hits="1"  signature="()V" >
				<lines><line number="1510"  hits="1" /></lines>
			</method>
			<method name="(anonymous_167)"  hits="8"  signature="()V" >
				<lines><line number="1513"  hits="8" /></lines>
			</method>
		</methods>
		<lines>
			<line number="12"  hits="1"  branch="false" />
			<line number="19"  hits="7"  branch="false" />
			<line number="22"  hits="7"  branch="false" />
			<line number="27"  hits="8"  branch="false" />
			<line number="29"  hits="8"  branch="false" />
			<line number="31"  hits="8"  branch="false" />
			<line number="33"  hits="8"  branch="false" />
			<line number="35"  hits="8"  branch="false" />
			<line number="37"  hits="8"  branch="false" />
			<line number="40"  hits="8"  branch="false" />
			<line number="41"  hits="7"  branch="false" />
			<line number="43"  hits="7"  branch="false" />
			<line number="44"  hits="7"  branch="false" />
			<line number="45"  hits="7"  branch="false" />
			<line number="46"  hits="7"  branch="false" />
			<line number="48"  hits="7"  branch="false" />
			<line number="56"  hits="8"  branch="false" />
			<line number="57"  hits="7"  branch="false" />
			<line number="60"  hits="7"  branch="true"  condition-coverage="50% (1/2)" />
			<line number="61"  hits="7"  branch="false" />
			<line number="62"  hits="7"  branch="false" />
			<line number="65"  hits="7"  branch="false" />
			<line number="66"  hits="7"  branch="false" />
			<line number="69"  hits="0"  branch="false" />
			<line number="72"  hits="7"  branch="false" />
			<line number="73"  hits="7"  branch="false" />
			<line number="76"  hits="7"  branch="false" />
			<line number="83"  hits="8"  branch="false" />
			<line number="84"  hits="2"  branch="false" />
			<line number="85"  hits="2"  branch="false" />
			<line number="87"  hits="2"  branch="true"  condition-coverage="50% (1/2)" />
			<line number="88"  hits="0"  branch="false" />
			<line number="89"  hits="0"  branch="false" />
			<line number="92"  hits="2"  branch="false" />
			<line number="93"  hits="2"  branch="false" />
			<line number="97"  hits="2"  branch="false" />
			<line number="104"  hits="8"  branch="false" />
			<line number="105"  hits="8"  branch="false" />
			<line number="106"  hits="8"  branch="true"  condition-coverage="50% (1/2)" />
			<line number="108"  hits="8"  branch="false" />
			<line number="109"  hits="8"  branch="false" />
			<line number="110"  hits="8"  branch="false" />
			<line number="113"  hits="0"  branch="false" />
			<line number="116"  hits="8"  branch="false" />
			<line number="121"  hits="8"  branch="false" />
			<line number="122"  hits="2"  branch="false" />
			<line number="126"  hits="2"  branch="false" />
			<line number="128"  hits="2"  branch="true"  condition-coverage="50% (1/2)" />
			<line number="129"  hits="2"  branch="false" />
			<line number="133"  hits="2"  branch="false" />
			<line number="134"  hits="2"  branch="false" />
			<line number="137"  hits="2"  branch="false" />
			<line number="142"  hits="8"  branch="false" />
			<line number="143"  hits="1"  branch="false" />
			<line number="146"  hits="1"  branch="false" />
			<line number="147"  hits="1"  branch="false" />
			<line number="149"  hits="2"  branch="true"  condition-coverage="50% (1/2)" />
			<line number="150"  hits="2"  branch="false" />
			<line number="154"  hits="1"  branch="false" />
			<line number="155"  hits="1"  branch="false" />
			<line number="156"  hits="1"  branch="false" />
			<line number="159"  hits="0"  branch="false" />
			<line number="160"  hits="0"  branch="false" />
			<line number="164"  hits="1"  branch="false" />
			<line number="173"  hits="8"  branch="false" />
			<line number="174"  hits="0"  branch="false" />
			<line number="175"  hits="0"  branch="true"  condition-coverage="0% (0/2)" />
			<line number="176"  hits="0"  branch="true"  condition-coverage="0% (0/2)" />
			<line number="177"  hits="0"  branch="true"  condition-coverage="0% (0/2)" />
			<line number="179"  hits="0"  branch="false" />
			<line number="180"  hits="0"  branch="false" />
			<line number="183"  hits="0"  branch="true"  condition-coverage="0% (0/2)" />
			<line number="184"  hits="0"  branch="false" />
			<line number="186"  hits="0"  branch="false" />
			<line number="188"  hits="0"  branch="true"  condition-coverage="0% (0/2)" />
			<line number="190"  hits="0"  branch="false" />
			<line number="193"  hits="0"  branch="false" />
			<line number="202"  hits="8"  branch="false" />
			<line number="203"  hits="8"  branch="false" />
			<line number="204"  hits="8"  branch="false" />
			<line number="205"  hits="8"  branch="false" />
			<line number="207"  hits="0"  branch="true"  condition-coverage="0% (0/2)" />
			<line number="209"  hits="0"  branch="false" />
			<line number="210"  hits="0"  branch="false" />
			<line number="211"  hits="0"  branch="true"  condition-coverage="0% (0/2)" />
			<line number="212"  hits="0"  branch="true"  condition-coverage="0% (0/2)" />
			<line number="213"  hits="0"  branch="false" />
			<line number="216"  hits="0"  branch="true"  condition-coverage="0% (0/2)" />
			<line number="217"  hits="0"  branch="false" />
			<line number="220"  hits="0"  branch="false" />
			<line number="224"  hits="0"  branch="false" />
			<line number="225"  hits="0"  branch="false" />
			<line number="228"  hits="0"  branch="false" />
			<line number="230"  hits="0"  branch="false" />
			<line number="235"  hits="0"  branch="false" />
			<line number="236"  hits="0"  branch="false" />
			<line number="241"  hits="8"  branch="false" />
			<line number="242"  hits="8"  branch="false" />
			<line number="245"  hits="8"  branch="false" />
			<line number="251"  hits="8"  branch="false" />
			<line number="253"  hits="8"  branch="false" />
			<line number="255"  hits="8"  branch="false" />
			<line number="257"  hits="8"  branch="false" />
			<line number="259"  hits="8"  branch="false" />
			<line number="261"  hits="8"  branch="false" />
			<line number="263"  hits="8"  branch="false" />
			<line number="266"  hits="8"  branch="false" />
			<line number="267"  hits="1"  branch="false" />
			<line number="269"  hits="1"  branch="false" />
			<line number="270"  hits="1"  branch="false" />
			<line number="271"  hits="1"  branch="false" />
			<line number="272"  hits="1"  branch="false" />
			<line number="274"  hits="1"  branch="false" />
			<line number="282"  hits="8"  branch="false" />
			<line number="283"  hits="8"  branch="false" />
			<line number="285"  hits="8"  branch="true"  condition-coverage="50% (1/2)" />
			<line number="286"  hits="8"  branch="false" />
			<line number="287"  hits="8"  branch="false" />
			<line number="289"  hits="0"  branch="false" />
			<line number="292"  hits="8"  branch="false" />
			<line number="299"  hits="8"  branch="false" />
			<line number="300"  hits="0"  branch="false" />
			<line number="302"  hits="0"  branch="false" />
			<line number="303"  hits="0"  branch="false" />
			<line number="305"  hits="0"  branch="false" />
			<line number="312"  hits="8"  branch="false" />
			<line number="313"  hits="16"  branch="false" />
			<line number="315"  hits="16"  branch="false" />
			<line number="316"  hits="16"  branch="false" />
			<line number="318"  hits="16"  branch="false" />
			<line number="323"  hits="8"  branch="false" />
			<line number="324"  hits="0"  branch="false" />
			<line number="327"  hits="0"  branch="false" />
			<line number="328"  hits="0"  branch="false" />
			<line number="330"  hits="0"  branch="false" />
			<line number="335"  hits="8"  branch="false" />
			<line number="336"  hits="0"  branch="false" />
			<line number="338"  hits="0"  branch="false" />
			<line number="339"  hits="0"  branch="false" />
			<line number="340"  hits="0"  branch="false" />
			<line number="342"  hits="0"  branch="false" />
			<line number="348"  hits="8"  branch="false" />
			<line number="350"  hits="8"  branch="false" />
			<line number="352"  hits="8"  branch="false" />
			<line number="354"  hits="8"  branch="false" />
			<line number="356"  hits="8"  branch="false" />
			<line number="358"  hits="8"  branch="false" />
			<line number="360"  hits="8"  branch="false" />
			<line number="363"  hits="8"  branch="false" />
			<line number="364"  hits="0"  branch="false" />
			<line number="366"  hits="0"  branch="false" />
			<line number="367"  hits="0"  branch="false" />
			<line number="368"  hits="0"  branch="false" />
			<line number="369"  hits="0"  branch="false" />
			<line number="371"  hits="0"  branch="false" />
			<line number="379"  hits="8"  branch="false" />
			<line number="380"  hits="0"  branch="false" />
			<line number="382"  hits="0"  branch="true"  condition-coverage="0% (0/2)" />
			<line number="383"  hits="0"  branch="false" />
			<line number="384"  hits="0"  branch="false" />
			<line number="386"  hits="0"  branch="false" />
			<line number="389"  hits="0"  branch="false" />
			<line number="396"  hits="8"  branch="false" />
			<line number="397"  hits="0"  branch="false" />
			<line number="399"  hits="0"  branch="false" />
			<line number="400"  hits="0"  branch="false" />
			<line number="402"  hits="0"  branch="false" />
			<line number="409"  hits="8"  branch="false" />
			<line number="410"  hits="0"  branch="false" />
			<line number="412"  hits="0"  branch="false" />
			<line number="413"  hits="0"  branch="false" />
			<line number="414"  hits="0"  branch="false" />
			<line number="416"  hits="0"  branch="false" />
			<line number="421"  hits="8"  branch="false" />
			<line number="422"  hits="0"  branch="false" />
			<line number="425"  hits="0"  branch="false" />
			<line number="426"  hits="0"  branch="false" />
			<line number="428"  hits="0"  branch="false" />
			<line number="433"  hits="8"  branch="false" />
			<line number="434"  hits="0"  branch="false" />
			<line number="436"  hits="0"  branch="false" />
			<line number="437"  hits="0"  branch="false" />
			<line number="439"  hits="0"  branch="false" />
			<line number="445"  hits="8"  branch="false" />
			<line number="447"  hits="8"  branch="false" />
			<line number="449"  hits="8"  branch="false" />
			<line number="451"  hits="8"  branch="false" />
			<line number="453"  hits="8"  branch="false" />
			<line number="455"  hits="8"  branch="false" />
			<line number="458"  hits="8"  branch="false" />
			<line number="459"  hits="0"  branch="false" />
			<line number="461"  hits="0"  branch="false" />
			<line number="462"  hits="0"  branch="false" />
			<line number="464"  hits="0"  branch="true"  condition-coverage="0% (0/2)" />
			<line number="465"  hits="0"  branch="false" />
			<line number="466"  hits="0"  branch="false" />
			<line number="469"  hits="0"  branch="false" />
			<line number="472"  hits="0"  branch="true"  condition-coverage="0% (0/6)" />
			<line number="473"  hits="0"  branch="false" />
			<line number="474"  hits="0"  branch="false" />
			<line number="475"  hits="0"  branch="false" />
			<line number="476"  hits="0"  branch="false" />
			<line number="478"  hits="0"  branch="false" />
			<line number="481"  hits="0"  branch="true"  condition-coverage="0% (0/2)" />
			<line number="482"  hits="0"  branch="true"  condition-coverage="0% (0/3)" />
			<line number="483"  hits="0"  branch="true"  condition-coverage="0% (0/3)" />
			<line number="486"  hits="0"  branch="false" />
			<line number="489"  hits="0"  branch="false" />
			<line number="490"  hits="0"  branch="false" />
			<line number="492"  hits="0"  branch="false" />
			<line number="494"  hits="0"  branch="false" />
			<line number="496"  hits="0"  branch="true"  condition-coverage="0% (0/2)" />
			<line number="497"  hits="0"  branch="false" />
			<line number="500"  hits="0"  branch="false" />
			<line number="501"  hits="0"  branch="false" />
			<line number="505"  hits="0"  branch="false" />
			<line number="506"  hits="0"  branch="false" />
			<line number="507"  hits="0"  branch="false" />
			<line number="508"  hits="0"  branch="false" />
			<line number="512"  hits="0"  branch="false" />
			<line number="513"  hits="0"  branch="false" />
			<line number="514"  hits="0"  branch="false" />
			<line number="516"  hits="0"  branch="false" />
			<line number="517"  hits="0"  branch="false" />
			<line number="521"  hits="0"  branch="false" />
			<line number="529"  hits="8"  branch="false" />
			<line number="530"  hits="0"  branch="false" />
			<line number="531"  hits="0"  branch="true"  condition-coverage="0% (0/2)" />
			<line number="532"  hits="0"  branch="false" />
			<line number="533"  hits="0"  branch="false" />
			<line number="536"  hits="0"  branch="false" />
			<line number="537"  hits="0"  branch="true"  condition-coverage="0% (0/2)" />
			<line number="538"  hits="0"  branch="false" />
			<line number="539"  hits="0"  branch="false" />
			<line number="540"  hits="0"  branch="false" />
			<line number="541"  hits="0"  branch="false" />
			<line number="543"  hits="0"  branch="false" />
			<line number="547"  hits="0"  branch="false" />
			<line number="548"  hits="0"  branch="false" />
			<line number="549"  hits="0"  branch="false" />
			<line number="550"  hits="0"  branch="false" />
			<line number="552"  hits="0"  branch="false" />
			<line number="553"  hits="0"  branch="true"  condition-coverage="0% (0/2)" />
			<line number="554"  hits="0"  branch="false" />
			<line number="556"  hits="0"  branch="false" />
			<line number="557"  hits="0"  branch="false" />
			<line number="561"  hits="0"  branch="false" />
			<line number="562"  hits="0"  branch="false" />
			<line number="566"  hits="0"  branch="false" />
			<line number="567"  hits="0"  branch="false" />
			<line number="568"  hits="0"  branch="false" />
			<line number="570"  hits="0"  branch="false" />
			<line number="571"  hits="0"  branch="false" />
			<line number="573"  hits="0"  branch="false" />
			<line number="574"  hits="0"  branch="false" />
			<line number="578"  hits="0"  branch="true"  condition-coverage="0% (0/2)" />
			<line number="579"  hits="0"  branch="false" />
			<line number="581"  hits="0"  branch="false" />
			<line number="584"  hits="0"  branch="false" />
			<line number="585"  hits="0"  branch="false" />
			<line number="589"  hits="0"  branch="false" />
			<line number="596"  hits="8"  branch="false" />
			<line number="597"  hits="0"  branch="false" />
			<line number="598"  hits="0"  branch="false" />
			<line number="599"  hits="0"  branch="true"  condition-coverage="0% (0/2)" />
			<line number="600"  hits="0"  branch="false" />
			<line number="601"  hits="0"  branch="false" />
			<line number="602"  hits="0"  branch="false" />
			<line number="603"  hits="0"  branch="false" />
			<line number="605"  hits="0"  branch="false" />
			<line number="609"  hits="0"  branch="false" />
			<line number="610"  hits="0"  branch="false" />
			<line number="612"  hits="0"  branch="false" />
			<line number="613"  hits="0"  branch="false" />
			<line number="615"  hits="0"  branch="false" />
			<line number="616"  hits="0"  branch="true"  condition-coverage="0% (0/2)" />
			<line number="617"  hits="0"  branch="false" />
			<line number="620"  hits="0"  branch="false" />
			<line number="621"  hits="0"  branch="false" />
			<line number="625"  hits="0"  branch="false" />
			<line number="626"  hits="0"  branch="false" />
			<line number="627"  hits="0"  branch="false" />
			<line number="629"  hits="0"  branch="false" />
			<line number="630"  hits="0"  branch="false" />
			<line number="634"  hits="0"  branch="false" />
			<line number="641"  hits="8"  branch="false" />
			<line number="642"  hits="0"  branch="false" />
			<line number="643"  hits="0"  branch="false" />
			<line number="644"  hits="0"  branch="true"  condition-coverage="0% (0/2)" />
			<line number="645"  hits="0"  branch="false" />
			<line number="646"  hits="0"  branch="false" />
			<line number="648"  hits="0"  branch="false" />
			<line number="649"  hits="0"  branch="false" />
			<line number="652"  hits="0"  branch="false" />
			<line number="656"  hits="0"  branch="false" />
			<line number="657"  hits="0"  branch="false" />
			<line number="660"  hits="0"  branch="false" />
			<line number="662"  hits="0"  branch="false" />
			<line number="663"  hits="0"  branch="false" />
			<line number="664"  hits="0"  branch="false" />
			<line number="668"  hits="0"  branch="false" />
			<line number="669"  hits="0"  branch="false" />
			<line number="670"  hits="0"  branch="false" />
			<line number="672"  hits="0"  branch="false" />
			<line number="673"  hits="0"  branch="false" />
			<line number="677"  hits="0"  branch="false" />
			<line number="682"  hits="8"  branch="false" />
			<line number="683"  hits="0"  branch="false" />
			<line number="684"  hits="0"  branch="false" />
			<line number="685"  hits="0"  branch="true"  condition-coverage="0% (0/2)" />
			<line number="686"  hits="0"  branch="false" />
			<line number="687"  hits="0"  branch="false" />
			<line number="689"  hits="0"  branch="false" />
			<line number="690"  hits="0"  branch="false" />
			<line number="693"  hits="0"  branch="false" />
			<line number="697"  hits="0"  branch="false" />
			<line number="698"  hits="0"  branch="false" />
			<line number="699"  hits="0"  branch="false" />
			<line number="701"  hits="0"  branch="false" />
			<line number="702"  hits="0"  branch="false" />
			<line number="704"  hits="0"  branch="false" />
			<line number="705"  hits="0"  branch="false" />
			<line number="709"  hits="0"  branch="false" />
			<line number="710"  hits="0"  branch="false" />
			<line number="711"  hits="0"  branch="false" />
			<line number="713"  hits="0"  branch="false" />
			<line number="714"  hits="0"  branch="false" />
			<line number="718"  hits="0"  branch="false" />
			<line number="719"  hits="0"  branch="false" />
			<line number="720"  hits="0"  branch="false" />
			<line number="722"  hits="0"  branch="false" />
			<line number="723"  hits="0"  branch="false" />
			<line number="727"  hits="0"  branch="false" />
			<line number="732"  hits="8"  branch="false" />
			<line number="733"  hits="0"  branch="false" />
			<line number="734"  hits="0"  branch="false" />
			<line number="735"  hits="0"  branch="true"  condition-coverage="0% (0/2)" />
			<line number="736"  hits="0"  branch="false" />
			<line number="737"  hits="0"  branch="false" />
			<line number="739"  hits="0"  branch="false" />
			<line number="740"  hits="0"  branch="false" />
			<line number="745"  hits="0"  branch="false" />
			<line number="746"  hits="0"  branch="false" />
			<line number="747"  hits="0"  branch="false" />
			<line number="749"  hits="0"  branch="false" />
			<line number="750"  hits="0"  branch="false" />
			<line number="751"  hits="0"  branch="false" />
			<line number="755"  hits="0"  branch="false" />
			<line number="756"  hits="0"  branch="false" />
			<line number="757"  hits="0"  branch="false" />
			<line number="759"  hits="0"  branch="false" />
			<line number="760"  hits="0"  branch="false" />
			<line number="764"  hits="0"  branch="false" />
			<line number="770"  hits="8"  branch="false" />
			<line number="772"  hits="8"  branch="false" />
			<line number="774"  hits="8"  branch="false" />
			<line number="776"  hits="8"  branch="false" />
			<line number="778"  hits="8"  branch="false" />
			<line number="780"  hits="8"  branch="false" />
			<line number="782"  hits="8"  branch="false" />
			<line number="784"  hits="8"  branch="false" />
			<line number="786"  hits="8"  branch="false" />
			<line number="789"  hits="8"  branch="false" />
			<line number="790"  hits="0"  branch="false" />
			<line number="792"  hits="0"  branch="false" />
			<line number="793"  hits="0"  branch="false" />
			<line number="795"  hits="0"  branch="false" />
			<line number="796"  hits="0"  branch="true"  condition-coverage="0% (0/2)" />
			<line number="797"  hits="0"  branch="false" />
			<line number="798"  hits="0"  branch="false" />
			<line number="800"  hits="0"  branch="false" />
			<line number="804"  hits="0"  branch="true"  condition-coverage="0% (0/2)" />
			<line number="805"  hits="0"  branch="false" />
			<line number="806"  hits="0"  branch="false" />
			<line number="807"  hits="0"  branch="false" />
			<line number="808"  hits="0"  branch="false" />
			<line number="810"  hits="0"  branch="false" />
			<line number="814"  hits="0"  branch="false" />
			<line number="816"  hits="0"  branch="false" />
			<line number="817"  hits="0"  branch="false" />
			<line number="818"  hits="0"  branch="false" />
			<line number="821"  hits="0"  branch="false" />
			<line number="822"  hits="0"  branch="false" />
			<line number="823"  hits="0"  branch="false" />
			<line number="827"  hits="0"  branch="false" />
			<line number="828"  hits="0"  branch="false" />
			<line number="829"  hits="0"  branch="true"  condition-coverage="0% (0/2)" />
			<line number="832"  hits="0"  branch="false" />
			<line number="833"  hits="0"  branch="false" />
			<line number="834"  hits="0"  branch="false" />
			<line number="836"  hits="0"  branch="false" />
			<line number="838"  hits="0"  branch="false" />
			<line number="840"  hits="0"  branch="false" />
			<line number="841"  hits="0"  branch="false" />
			<line number="845"  hits="0"  branch="false" />
			<line number="846"  hits="0"  branch="false" />
			<line number="848"  hits="0"  branch="false" />
			<line number="849"  hits="0"  branch="false" />
			<line number="853"  hits="0"  branch="false" />
			<line number="861"  hits="8"  branch="false" />
			<line number="862"  hits="0"  branch="false" />
			<line number="863"  hits="0"  branch="false" />
			<line number="864"  hits="0"  branch="true"  condition-coverage="0% (0/2)" />
			<line number="865"  hits="0"  branch="false" />
			<line number="866"  hits="0"  branch="false" />
			<line number="868"  hits="0"  branch="false" />
			<line number="869"  hits="0"  branch="false" />
			<line number="873"  hits="0"  branch="true"  condition-coverage="0% (0/2)" />
			<line number="874"  hits="0"  branch="false" />
			<line number="875"  hits="0"  branch="false" />
			<line number="877"  hits="0"  branch="false" />
			<line number="878"  hits="0"  branch="false" />
			<line number="881"  hits="0"  branch="false" />
			<line number="884"  hits="0"  branch="false" />
			<line number="885"  hits="0"  branch="false" />
			<line number="886"  hits="0"  branch="false" />
			<line number="887"  hits="0"  branch="false" />
			<line number="888"  hits="0"  branch="false" />
			<line number="891"  hits="0"  branch="false" />
			<line number="892"  hits="0"  branch="false" />
			<line number="894"  hits="0"  branch="false" />
			<line number="895"  hits="0"  branch="false" />
			<line number="898"  hits="0"  branch="false" />
			<line number="899"  hits="0"  branch="false" />
			<line number="903"  hits="0"  branch="false" />
			<line number="904"  hits="0"  branch="false" />
			<line number="905"  hits="0"  branch="true"  condition-coverage="0% (0/2)" />
			<line number="908"  hits="0"  branch="false" />
			<line number="909"  hits="0"  branch="false" />
			<line number="910"  hits="0"  branch="false" />
			<line number="912"  hits="0"  branch="false" />
			<line number="914"  hits="0"  branch="false" />
			<line number="916"  hits="0"  branch="false" />
			<line number="917"  hits="0"  branch="false" />
			<line number="921"  hits="0"  branch="false" />
			<line number="928"  hits="8"  branch="false" />
			<line number="929"  hits="0"  branch="false" />
			<line number="930"  hits="0"  branch="false" />
			<line number="931"  hits="0"  branch="true"  condition-coverage="0% (0/2)" />
			<line number="932"  hits="0"  branch="false" />
			<line number="933"  hits="0"  branch="false" />
			<line number="935"  hits="0"  branch="false" />
			<line number="936"  hits="0"  branch="false" />
			<line number="939"  hits="0"  branch="false" />
			<line number="942"  hits="0"  branch="false" />
			<line number="943"  hits="0"  branch="false" />
			<line number="944"  hits="0"  branch="false" />
			<line number="945"  hits="0"  branch="false" />
			<line number="947"  hits="0"  branch="false" />
			<line number="948"  hits="0"  branch="true"  condition-coverage="0% (0/2)" />
			<line number="949"  hits="0"  branch="false" />
			<line number="950"  hits="0"  branch="true"  condition-coverage="0% (0/4)" />
			<line number="951"  hits="0"  branch="false" />
			<line number="954"  hits="0"  branch="false" />
			<line number="955"  hits="0"  branch="false" />
			<line number="960"  hits="0"  branch="false" />
			<line number="961"  hits="0"  branch="false" />
			<line number="962"  hits="0"  branch="true"  condition-coverage="0% (0/2)" />
			<line number="965"  hits="0"  branch="false" />
			<line number="966"  hits="0"  branch="false" />
			<line number="967"  hits="0"  branch="false" />
			<line number="969"  hits="0"  branch="false" />
			<line number="971"  hits="0"  branch="false" />
			<line number="973"  hits="0"  branch="false" />
			<line number="974"  hits="0"  branch="false" />
			<line number="978"  hits="0"  branch="false" />
			<line number="985"  hits="8"  branch="false" />
			<line number="986"  hits="0"  branch="false" />
			<line number="987"  hits="0"  branch="false" />
			<line number="988"  hits="0"  branch="true"  condition-coverage="0% (0/2)" />
			<line number="989"  hits="0"  branch="false" />
			<line number="990"  hits="0"  branch="false" />
			<line number="992"  hits="0"  branch="false" />
			<line number="993"  hits="0"  branch="false" />
			<line number="995"  hits="0"  branch="false" />
			<line number="997"  hits="0"  branch="false" />
			<line number="1000"  hits="0"  branch="false" />
			<line number="1001"  hits="0"  branch="false" />
			<line number="1002"  hits="0"  branch="false" />
			<line number="1003"  hits="0"  branch="false" />
			<line number="1006"  hits="0"  branch="false" />
			<line number="1007"  hits="0"  branch="false" />
			<line number="1008"  hits="0"  branch="false" />
			<line number="1012"  hits="0"  branch="false" />
			<line number="1013"  hits="0"  branch="false" />
			<line number="1014"  hits="0"  branch="true"  condition-coverage="0% (0/2)" />
			<line number="1017"  hits="0"  branch="false" />
			<line number="1018"  hits="0"  branch="false" />
			<line number="1019"  hits="0"  branch="false" />
			<line number="1021"  hits="0"  branch="false" />
			<line number="1023"  hits="0"  branch="false" />
			<line number="1025"  hits="0"  branch="false" />
			<line number="1026"  hits="0"  branch="false" />
			<line number="1030"  hits="0"  branch="false" />
			<line number="1035"  hits="8"  branch="false" />
			<line number="1036"  hits="0"  branch="false" />
			<line number="1037"  hits="0"  branch="false" />
			<line number="1038"  hits="0"  branch="true"  condition-coverage="0% (0/2)" />
			<line number="1039"  hits="0"  branch="false" />
			<line number="1040"  hits="0"  branch="false" />
			<line number="1042"  hits="0"  branch="false" />
			<line number="1043"  hits="0"  branch="false" />
			<line number="1046"  hits="0"  branch="false" />
			<line number="1049"  hits="0"  branch="false" />
			<line number="1050"  hits="0"  branch="false" />
			<line number="1051"  hits="0"  branch="false" />
			<line number="1052"  hits="0"  branch="false" />
			<line number="1053"  hits="0"  branch="false" />
			<line number="1056"  hits="0"  branch="false" />
			<line number="1057"  hits="0"  branch="false" />
			<line number="1058"  hits="0"  branch="false" />
			<line number="1060"  hits="0"  branch="false" />
			<line number="1061"  hits="0"  branch="false" />
			<line number="1065"  hits="0"  branch="false" />
			<line number="1066"  hits="0"  branch="false" />
			<line number="1067"  hits="0"  branch="true"  condition-coverage="0% (0/2)" />
			<line number="1070"  hits="0"  branch="false" />
			<line number="1071"  hits="0"  branch="false" />
			<line number="1072"  hits="0"  branch="false" />
			<line number="1074"  hits="0"  branch="false" />
			<line number="1076"  hits="0"  branch="false" />
			<line number="1078"  hits="0"  branch="false" />
			<line number="1079"  hits="0"  branch="false" />
			<line number="1083"  hits="0"  branch="false" />
			<line number="1088"  hits="8"  branch="false" />
			<line number="1089"  hits="0"  branch="false" />
			<line number="1090"  hits="0"  branch="false" />
			<line number="1091"  hits="0"  branch="true"  condition-coverage="0% (0/2)" />
			<line number="1092"  hits="0"  branch="false" />
			<line number="1093"  hits="0"  branch="false" />
			<line number="1095"  hits="0"  branch="false" />
			<line number="1096"  hits="0"  branch="false" />
			<line number="1100"  hits="0"  branch="false" />
			<line number="1102"  hits="0"  branch="false" />
			<line number="1103"  hits="0"  branch="false" />
			<line number="1104"  hits="0"  branch="false" />
			<line number="1107"  hits="0"  branch="false" />
			<line number="1108"  hits="0"  branch="true"  condition-coverage="0% (0/4)" />
			<line number="1109"  hits="0"  branch="false" />
			<line number="1110"  hits="0"  branch="false" />
			<line number="1115"  hits="0"  branch="false" />
			<line number="1116"  hits="0"  branch="false" />
			<line number="1117"  hits="0"  branch="true"  condition-coverage="0% (0/2)" />
			<line number="1120"  hits="0"  branch="false" />
			<line number="1121"  hits="0"  branch="false" />
			<line number="1122"  hits="0"  branch="false" />
			<line number="1124"  hits="0"  branch="false" />
			<line number="1126"  hits="0"  branch="false" />
			<line number="1128"  hits="0"  branch="false" />
			<line number="1129"  hits="0"  branch="false" />
			<line number="1133"  hits="0"  branch="false" />
			<line number="1141"  hits="8"  branch="false" />
			<line number="1142"  hits="8"  branch="false" />
			<line number="1144"  hits="8"  branch="false" />
			<line number="1145"  hits="8"  branch="false" />
			<line number="1147"  hits="8"  branch="false" />
			<line number="1149"  hits="8"  branch="false" />
			<line number="1157"  hits="8"  branch="false" />
			<line number="1158"  hits="8"  branch="false" />
			<line number="1159"  hits="8"  branch="false" />
			<line number="1160"  hits="8"  branch="true"  condition-coverage="50% (1/2)" />
			<line number="1162"  hits="8"  branch="false" />
			<line number="1164"  hits="0"  branch="false" />
			<line number="1165"  hits="0"  branch="true"  condition-coverage="0% (0/2)" />
			<line number="1167"  hits="0"  branch="false" />
			<line number="1168"  hits="0"  branch="false" />
			<line number="1171"  hits="0"  branch="false" />
			<line number="1172"  hits="0"  branch="false" />
			<line number="1178"  hits="0"  branch="false" />
			<line number="1180"  hits="0"  branch="false" />
			<line number="1181"  hits="0"  branch="false" />
			<line number="1186"  hits="8"  branch="false" />
			<line number="1189"  hits="8"  branch="false" />
			<line number="1213"  hits="8"  branch="false" />
			<line number="1218"  hits="10"  branch="false" />
			<line number="1228"  hits="8"  branch="false" />
			<line number="1230"  hits="8"  branch="true"  condition-coverage="80% (4/5)" />
			<line number="1231"  hits="8"  branch="false" />
			<line number="1234"  hits="8"  branch="true"  condition-coverage="80% (4/5)" />
			<line number="1235"  hits="8"  branch="false" />
			<line number="1238"  hits="8"  branch="true"  condition-coverage="80% (4/5)" />
			<line number="1239"  hits="8"  branch="false" />
			<line number="1242"  hits="8"  branch="true"  condition-coverage="80% (4/5)" />
			<line number="1243"  hits="8"  branch="false" />
			<line number="1246"  hits="8"  branch="true"  condition-coverage="80% (4/5)" />
			<line number="1247"  hits="8"  branch="false" />
			<line number="1250"  hits="8"  branch="false" />
			<line number="1251"  hits="0"  branch="false" />
			<line number="1252"  hits="0"  branch="false" />
			<line number="1254"  hits="0"  branch="false" />
			<line number="1255"  hits="0"  branch="false" />
			<line number="1256"  hits="0"  branch="false" />
			<line number="1259"  hits="8"  branch="false" />
			<line number="1260"  hits="0"  branch="false" />
			<line number="1261"  hits="0"  branch="false" />
			<line number="1263"  hits="0"  branch="false" />
			<line number="1264"  hits="0"  branch="false" />
			<line number="1265"  hits="0"  branch="false" />
			<line number="1268"  hits="8"  branch="false" />
			<line number="1269"  hits="1"  branch="false" />
			<line number="1270"  hits="1"  branch="false" />
			<line number="1272"  hits="1"  branch="false" />
			<line number="1273"  hits="1"  branch="false" />
			<line number="1274"  hits="1"  branch="false" />
			<line number="1277"  hits="8"  branch="false" />
			<line number="1278"  hits="0"  branch="false" />
			<line number="1279"  hits="0"  branch="false" />
			<line number="1281"  hits="0"  branch="false" />
			<line number="1282"  hits="0"  branch="false" />
			<line number="1283"  hits="0"  branch="false" />
			<line number="1286"  hits="8"  branch="false" />
			<line number="1287"  hits="7"  branch="false" />
			<line number="1288"  hits="7"  branch="false" />
			<line number="1290"  hits="7"  branch="false" />
			<line number="1291"  hits="7"  branch="false" />
			<line number="1292"  hits="7"  branch="false" />
			<line number="1293"  hits="7"  branch="false" />
			<line number="1297"  hits="8"  branch="false" />
			<line number="1298"  hits="8"  branch="true"  condition-coverage="40% (2/5)" />
			<line number="1301"  hits="0"  branch="true"  condition-coverage="0% (0/4)" />
			<line number="1302"  hits="0"  branch="true"  condition-coverage="0% (0/2)" />
			<line number="1304"  hits="0"  branch="false" />
			<line number="1305"  hits="0"  branch="false" />
			<line number="1306"  hits="0"  branch="true"  condition-coverage="0% (0/2)" />
			<line number="1307"  hits="0"  branch="false" />
			<line number="1310"  hits="0"  branch="false" />
			<line number="1311"  hits="0"  branch="false" />
			<line number="1312"  hits="0"  branch="true"  condition-coverage="0% (0/2)" />
			<line number="1313"  hits="0"  branch="false" />
			<line number="1316"  hits="0"  branch="false" />
			<line number="1317"  hits="0"  branch="false" />
			<line number="1318"  hits="0"  branch="true"  condition-coverage="0% (0/2)" />
			<line number="1319"  hits="0"  branch="false" />
			<line number="1322"  hits="0"  branch="false" />
			<line number="1323"  hits="0"  branch="false" />
			<line number="1324"  hits="0"  branch="true"  condition-coverage="0% (0/2)" />
			<line number="1325"  hits="0"  branch="false" />
			<line number="1328"  hits="0"  branch="false" />
			<line number="1329"  hits="0"  branch="false" />
			<line number="1339"  hits="0"  branch="false" />
			<line number="1342"  hits="0"  branch="true"  condition-coverage="0% (0/2)" />
			<line number="1344"  hits="0"  branch="false" />
			<line number="1345"  hits="0"  branch="false" />
			<line number="1346"  hits="0"  branch="true"  condition-coverage="0% (0/2)" />
			<line number="1347"  hits="0"  branch="false" />
			<line number="1350"  hits="0"  branch="false" />
			<line number="1351"  hits="0"  branch="false" />
			<line number="1352"  hits="0"  branch="true"  condition-coverage="0% (0/2)" />
			<line number="1353"  hits="0"  branch="false" />
			<line number="1356"  hits="0"  branch="false" />
			<line number="1357"  hits="0"  branch="false" />
			<line number="1358"  hits="0"  branch="true"  condition-coverage="0% (0/2)" />
			<line number="1359"  hits="0"  branch="false" />
			<line number="1362"  hits="0"  branch="false" />
			<line number="1363"  hits="0"  branch="false" />
			<line number="1364"  hits="0"  branch="true"  condition-coverage="0% (0/2)" />
			<line number="1365"  hits="0"  branch="false" />
			<line number="1368"  hits="0"  branch="false" />
			<line number="1369"  hits="0"  branch="false" />
			<line number="1379"  hits="0"  branch="false" />
			<line number="1382"  hits="1"  branch="true"  condition-coverage="50% (1/2)" />
			<line number="1384"  hits="1"  branch="false" />
			<line number="1385"  hits="1"  branch="false" />
			<line number="1386"  hits="1"  branch="true"  condition-coverage="50% (1/2)" />
			<line number="1387"  hits="1"  branch="false" />
			<line number="1390"  hits="0"  branch="false" />
			<line number="1391"  hits="0"  branch="false" />
			<line number="1392"  hits="0"  branch="true"  condition-coverage="0% (0/2)" />
			<line number="1393"  hits="0"  branch="false" />
			<line number="1396"  hits="0"  branch="false" />
			<line number="1397"  hits="0"  branch="false" />
			<line number="1398"  hits="0"  branch="true"  condition-coverage="0% (0/2)" />
			<line number="1399"  hits="0"  branch="false" />
			<line number="1402"  hits="0"  branch="false" />
			<line number="1403"  hits="0"  branch="false" />
			<line number="1404"  hits="0"  branch="true"  condition-coverage="0% (0/2)" />
			<line number="1405"  hits="0"  branch="false" />
			<line number="1408"  hits="0"  branch="false" />
			<line number="1409"  hits="0"  branch="false" />
			<line number="1419"  hits="1"  branch="false" />
			<line number="1422"  hits="0"  branch="true"  condition-coverage="0% (0/2)" />
			<line number="1424"  hits="0"  branch="false" />
			<line number="1425"  hits="0"  branch="false" />
			<line number="1426"  hits="0"  branch="true"  condition-coverage="0% (0/2)" />
			<line number="1427"  hits="0"  branch="false" />
			<line number="1430"  hits="0"  branch="false" />
			<line number="1431"  hits="0"  branch="false" />
			<line number="1432"  hits="0"  branch="true"  condition-coverage="0% (0/2)" />
			<line number="1433"  hits="0"  branch="false" />
			<line number="1436"  hits="0"  branch="false" />
			<line number="1437"  hits="0"  branch="false" />
			<line number="1438"  hits="0"  branch="true"  condition-coverage="0% (0/2)" />
			<line number="1439"  hits="0"  branch="false" />
			<line number="1442"  hits="0"  branch="false" />
			<line number="1443"  hits="0"  branch="false" />
			<line number="1444"  hits="0"  branch="true"  condition-coverage="0% (0/2)" />
			<line number="1445"  hits="0"  branch="false" />
			<line number="1448"  hits="0"  branch="false" />
			<line number="1449"  hits="0"  branch="false" />
			<line number="1459"  hits="0"  branch="false" />
			<line number="1462"  hits="7"  branch="false" />
			<line number="1463"  hits="7"  branch="false" />
			<line number="1464"  hits="7"  branch="false" />
			<line number="1466"  hits="7"  branch="false" />
			<line number="1469"  hits="8"  branch="false" />
			<line number="1471"  hits="0"  branch="false" />
			<line number="1473"  hits="0"  branch="false" />
			<line number="1474"  hits="0"  branch="false" />
			<line number="1480"  hits="7"  branch="false" />
			<line number="1484"  hits="1"  branch="false" />
			<line number="1488"  hits="2"  branch="false" />
			<line number="1492"  hits="2"  branch="false" />
			<line number="1496"  hits="1"  branch="false" />
			<line number="1502"  hits="7"  branch="false" />
			<line number="1505"  hits="7"  branch="false" />
			<line number="1506"  hits="1"  branch="false" />
			<line number="1509"  hits="7"  branch="false" />
			<line number="1511"  hits="1"  branch="false" />
			<line number="1514"  hits="8"  branch="false" />
		</lines>
		</class>
	</classes>
	</package>
</packages>
</coverage>
